This file contains any messages produced by compilers while
running configure, to aid debugging if configure makes a mistake.

It was created by configure, which was
generated by GNU Autoconf 2.69.  Invocation command line was

  $ ./configure --disable-option-checking --prefix=/usr/local --cache-file=/dev/null --srcdir=.

## --------- ##
## Platform. ##
## --------- ##

hostname = mhillick-rdub.local
uname -m = x86_64
uname -r = 12.5.0
uname -s = Darwin
uname -v = Darwin Kernel Version 12.5.0: Sun Sep 29 13:33:47 PDT 2013; root:xnu-2050.48.12~1/RELEASE_X86_64

/usr/bin/uname -p = i386
/bin/uname -X     = unknown

/bin/arch              = unknown
/usr/bin/arch -k       = unknown
/usr/convex/getsysinfo = unknown
/usr/bin/hostinfo      = Mach kernel version:
	 Darwin Kernel Version 12.5.0: Sun Sep 29 13:33:47 PDT 2013; root:xnu-2050.48.12~1/RELEASE_X86_64
Kernel configured for up to 8 processors.
4 processors are physically available.
8 processors are logically available.
Processor type: i486 (Intel 80486)
Processors active: 0 1 2 3 4 5 6 7
Primary memory available: 16.00 gigabytes
Default processor set: 223 tasks, 1609 threads, 8 processors
Load average: 2.77, Mach factor: 5.22
/bin/machine           = unknown
/usr/bin/oslevel       = unknown
/bin/universe          = unknown

PATH: /Users/mhillick/bin
PATH: ./.bundle/bin
PATH: /Users/mhillick/.rbenv/shims
PATH: /Users/mhillick/.rbenv/bin
PATH: /usr/bin
PATH: /bin
PATH: /usr/sbin
PATH: /sbin
PATH: /usr/local/bin
PATH: /opt/X11/bin
PATH: /usr/local/MacGPG2/bin


## ----------- ##
## Core tests. ##
## ----------- ##

configure:2299: checking build system type
configure:2313: result: x86_64-apple-darwin12.5.0
configure:2333: checking host system type
configure:2346: result: x86_64-apple-darwin12.5.0
configure:2414: checking for gcc
configure:2430: found /usr/bin/gcc
configure:2441: result: gcc
configure:2670: checking for C compiler version
configure:2679: gcc --version >&5
i686-apple-darwin11-llvm-gcc-4.2 (GCC) 4.2.1 (Based on Apple Inc. build 5658) (LLVM build 2336.11.00)
Copyright (C) 2007 Free Software Foundation, Inc.
This is free software; see the source for copying conditions.  There is NO
warranty; not even for MERCHANTABILITY or FITNESS FOR A PARTICULAR PURPOSE.

configure:2690: $? = 0
configure:2679: gcc -v >&5
Using built-in specs.
Target: i686-apple-darwin11
Configured with: /private/var/tmp/llvmgcc42/llvmgcc42-2336.11~182/src/configure --disable-checking --enable-werror --prefix=/Applications/Xcode.app/Contents/Developer/usr/llvm-gcc-4.2 --mandir=/share/man --enable-languages=c,objc,c++,obj-c++ --program-prefix=llvm- --program-transform-name=/^[cg][^.-]*$/s/$/-4.2/ --with-slibdir=/usr/lib --build=i686-apple-darwin11 --enable-llvm=/private/var/tmp/llvmgcc42/llvmgcc42-2336.11~182/dst-llvmCore/Developer/usr/local --program-prefix=i686-apple-darwin11- --host=x86_64-apple-darwin11 --target=i686-apple-darwin11 --with-gxx-include-dir=/usr/include/c++/4.2.1
Thread model: posix
gcc version 4.2.1 (Based on Apple Inc. build 5658) (LLVM build 2336.11.00)
configure:2690: $? = 0
configure:2679: gcc -V >&5
llvm-gcc-4.2: argument to `-V' is missing
configure:2690: $? = 1
configure:2679: gcc -qversion >&5
i686-apple-darwin11-llvm-gcc-4.2: no input files
configure:2690: $? = 1
configure:2710: checking whether the C compiler works
configure:2732: gcc    conftest.c  >&5
configure:2736: $? = 0
configure:2784: result: yes
configure:2787: checking for C compiler default output file name
configure:2789: result: a.out
configure:2795: checking for suffix of executables
configure:2802: gcc -o conftest    conftest.c  >&5
configure:2806: $? = 0
configure:2828: result: 
configure:2850: checking whether we are cross compiling
configure:2858: gcc -o conftest    conftest.c  >&5
configure:2862: $? = 0
configure:2869: ./conftest
configure:2873: $? = 0
configure:2888: result: no
configure:2893: checking for suffix of object files
configure:2915: gcc -c   conftest.c >&5
configure:2919: $? = 0
configure:2940: result: o
configure:2944: checking whether we are using the GNU C compiler
configure:2963: gcc -c   conftest.c >&5
configure:2963: $? = 0
configure:2972: result: yes
configure:2981: checking whether gcc accepts -g
configure:3001: gcc -c -g  conftest.c >&5
configure:3001: $? = 0
configure:3042: result: yes
configure:3059: checking for gcc option to accept ISO C89
configure:3122: gcc  -c -g -O2  conftest.c >&5
configure:3122: $? = 0
configure:3135: result: none needed
configure:3156: checking for inline
configure:3172: gcc -c -g -O2  conftest.c >&5
configure:3172: $? = 0
configure:3180: result: inline
configure:3247: checking for gcc
configure:3274: result: gcc
configure:3503: checking for C compiler version
configure:3512: gcc --version >&5
i686-apple-darwin11-llvm-gcc-4.2 (GCC) 4.2.1 (Based on Apple Inc. build 5658) (LLVM build 2336.11.00)
Copyright (C) 2007 Free Software Foundation, Inc.
This is free software; see the source for copying conditions.  There is NO
warranty; not even for MERCHANTABILITY or FITNESS FOR A PARTICULAR PURPOSE.

configure:3523: $? = 0
configure:3512: gcc -v >&5
Using built-in specs.
Target: i686-apple-darwin11
Configured with: /private/var/tmp/llvmgcc42/llvmgcc42-2336.11~182/src/configure --disable-checking --enable-werror --prefix=/Applications/Xcode.app/Contents/Developer/usr/llvm-gcc-4.2 --mandir=/share/man --enable-languages=c,objc,c++,obj-c++ --program-prefix=llvm- --program-transform-name=/^[cg][^.-]*$/s/$/-4.2/ --with-slibdir=/usr/lib --build=i686-apple-darwin11 --enable-llvm=/private/var/tmp/llvmgcc42/llvmgcc42-2336.11~182/dst-llvmCore/Developer/usr/local --program-prefix=i686-apple-darwin11- --host=x86_64-apple-darwin11 --target=i686-apple-darwin11 --with-gxx-include-dir=/usr/include/c++/4.2.1
Thread model: posix
gcc version 4.2.1 (Based on Apple Inc. build 5658) (LLVM build 2336.11.00)
configure:3523: $? = 0
configure:3512: gcc -V >&5
llvm-gcc-4.2: argument to `-V' is missing
configure:3523: $? = 1
configure:3512: gcc -qversion >&5
i686-apple-darwin11-llvm-gcc-4.2: no input files
configure:3523: $? = 1
configure:3527: checking whether we are using the GNU C compiler
configure:3555: result: yes
configure:3564: checking whether gcc accepts -g
configure:3625: result: yes
configure:3642: checking for gcc option to accept ISO C89
configure:3718: result: none needed
configure:3796: checking for g++
configure:3812: found /usr/bin/g++
configure:3823: result: g++
configure:3850: checking for C++ compiler version
configure:3859: g++ --version >&5
i686-apple-darwin11-llvm-g++-4.2 (GCC) 4.2.1 (Based on Apple Inc. build 5658) (LLVM build 2336.11.00)
Copyright (C) 2007 Free Software Foundation, Inc.
This is free software; see the source for copying conditions.  There is NO
warranty; not even for MERCHANTABILITY or FITNESS FOR A PARTICULAR PURPOSE.

configure:3870: $? = 0
configure:3859: g++ -v >&5
Using built-in specs.
Target: i686-apple-darwin11
Configured with: /private/var/tmp/llvmgcc42/llvmgcc42-2336.11~182/src/configure --disable-checking --enable-werror --prefix=/Applications/Xcode.app/Contents/Developer/usr/llvm-gcc-4.2 --mandir=/share/man --enable-languages=c,objc,c++,obj-c++ --program-prefix=llvm- --program-transform-name=/^[cg][^.-]*$/s/$/-4.2/ --with-slibdir=/usr/lib --build=i686-apple-darwin11 --enable-llvm=/private/var/tmp/llvmgcc42/llvmgcc42-2336.11~182/dst-llvmCore/Developer/usr/local --program-prefix=i686-apple-darwin11- --host=x86_64-apple-darwin11 --target=i686-apple-darwin11 --with-gxx-include-dir=/usr/include/c++/4.2.1
Thread model: posix
gcc version 4.2.1 (Based on Apple Inc. build 5658) (LLVM build 2336.11.00)
configure:3870: $? = 0
configure:3859: g++ -V >&5
llvm-g++-4.2: argument to `-V' is missing
configure:3870: $? = 1
configure:3859: g++ -qversion >&5
i686-apple-darwin11-llvm-g++-4.2: no input files
configure:3870: $? = 1
configure:3874: checking whether we are using the GNU C++ compiler
configure:3893: g++ -c   conftest.cpp >&5
configure:3893: $? = 0
configure:3902: result: yes
configure:3911: checking whether g++ accepts -g
configure:3931: g++ -c -g  conftest.cpp >&5
configure:3931: $? = 0
configure:3972: result: yes
configure:4009: checking for a BSD-compatible install
configure:4077: result: /usr/bin/install -c
configure:4093: checking whether the compiler is gcc 4 or greater
configure:4114: result: yes
configure:4124: checking for __func__
configure:4139: gcc -c -g -O2  conftest.c >&5
configure:4139: $? = 0
configure:4146: result: yes
configure:4231: checking for strip
configure:4249: found /usr/bin/strip
configure:4261: result: /usr/bin/strip
configure:4291: checking how to run the C preprocessor
configure:4322: gcc -E  conftest.c
configure:4322: $? = 0
configure:4336: gcc -E  conftest.c
conftest.c:9:28: error: ac_nonexistent.h: No such file or directory
configure:4336: $? = 1
configure: failed program was:
| /* confdefs.h */
| #define PACKAGE_NAME ""
| #define PACKAGE_TARNAME ""
| #define PACKAGE_VERSION ""
| #define PACKAGE_STRING ""
| #define PACKAGE_BUGREPORT ""
| #define PACKAGE_URL ""
| /* end confdefs.h.  */
| #include <ac_nonexistent.h>
configure:4361: result: gcc -E
configure:4381: gcc -E  conftest.c
configure:4381: $? = 0
configure:4395: gcc -E  conftest.c
conftest.c:9:28: error: ac_nonexistent.h: No such file or directory
configure:4395: $? = 1
configure: failed program was:
| /* confdefs.h */
| #define PACKAGE_NAME ""
| #define PACKAGE_TARNAME ""
| #define PACKAGE_VERSION ""
| #define PACKAGE_STRING ""
| #define PACKAGE_BUGREPORT ""
| #define PACKAGE_URL ""
| /* end confdefs.h.  */
| #include <ac_nonexistent.h>
configure:4424: checking for grep that handles long lines and -e
configure:4482: result: /usr/bin/grep
configure:4487: checking for egrep
configure:4549: result: /usr/bin/grep -E
configure:4554: checking for ANSI C header files
configure:4574: gcc -c -g -O2  conftest.c >&5
configure:4574: $? = 0
configure:4647: gcc -o conftest -g -O2   conftest.c  >&5
configure:4647: $? = 0
configure:4647: ./conftest
configure:4647: $? = 0
configure:4658: result: yes
configure:4671: checking for sys/types.h
configure:4671: gcc -c -g -O2  conftest.c >&5
configure:4671: $? = 0
configure:4671: result: yes
configure:4671: checking for sys/stat.h
configure:4671: gcc -c -g -O2  conftest.c >&5
configure:4671: $? = 0
configure:4671: result: yes
configure:4671: checking for stdlib.h
configure:4671: gcc -c -g -O2  conftest.c >&5
configure:4671: $? = 0
configure:4671: result: yes
configure:4671: checking for string.h
configure:4671: gcc -c -g -O2  conftest.c >&5
configure:4671: $? = 0
configure:4671: result: yes
configure:4671: checking for memory.h
configure:4671: gcc -c -g -O2  conftest.c >&5
configure:4671: $? = 0
configure:4671: result: yes
configure:4671: checking for strings.h
configure:4671: gcc -c -g -O2  conftest.c >&5
configure:4671: $? = 0
configure:4671: result: yes
configure:4671: checking for inttypes.h
configure:4671: gcc -c -g -O2  conftest.c >&5
configure:4671: $? = 0
configure:4671: result: yes
configure:4671: checking for stdint.h
configure:4671: gcc -c -g -O2  conftest.c >&5
configure:4671: $? = 0
configure:4671: result: yes
configure:4671: checking for unistd.h
configure:4671: gcc -c -g -O2  conftest.c >&5
configure:4671: $? = 0
configure:4671: result: yes
configure:4686: checking pwd.h usability
configure:4686: gcc -c -g -O2  conftest.c >&5
configure:4686: $? = 0
configure:4686: result: yes
configure:4686: checking pwd.h presence
configure:4686: gcc -E  conftest.c
configure:4686: $? = 0
configure:4686: result: yes
configure:4686: checking for pwd.h
configure:4686: result: yes
configure:4686: checking termios.h usability
configure:4686: gcc -c -g -O2  conftest.c >&5
configure:4686: $? = 0
configure:4686: result: yes
configure:4686: checking termios.h presence
configure:4686: gcc -E  conftest.c
configure:4686: $? = 0
configure:4686: result: yes
configure:4686: checking for termios.h
configure:4686: result: yes
configure:4686: checking sys/sockio.h usability
configure:4686: gcc -c -g -O2  conftest.c >&5
configure:4686: $? = 0
configure:4686: result: yes
configure:4686: checking sys/sockio.h presence
configure:4686: gcc -E  conftest.c
configure:4686: $? = 0
configure:4686: result: yes
configure:4686: checking for sys/sockio.h
configure:4686: result: yes
configure:4697: checking for library containing setsockopt
configure:4728: gcc -o conftest -g -O2   conftest.c  >&5
configure:4728: $? = 0
configure:4745: result: none required
configure:4753: checking for library containing gethostbyname
configure:4784: gcc -o conftest -g -O2   conftest.c  >&5
configure:4784: $? = 0
configure:4801: result: none required
configure:4811: checking for library containing dlopen
configure:4842: gcc -o conftest -g -O2   conftest.c  >&5
configure:4842: $? = 0
configure:4859: result: none required
configure:4869: checking for library containing nl_handle_alloc
configure:4900: gcc -o conftest -g -O2   conftest.c  >&5
Undefined symbols for architecture x86_64:
  "_nl_handle_alloc", referenced from:
      _main in ccirbLj6.o
ld: symbol(s) not found for architecture x86_64
collect2: ld returned 1 exit status
configure:4900: $? = 1
configure: failed program was:
| /* confdefs.h */
| #define PACKAGE_NAME ""
| #define PACKAGE_TARNAME ""
| #define PACKAGE_VERSION ""
| #define PACKAGE_STRING ""
| #define PACKAGE_BUGREPORT ""
| #define PACKAGE_URL ""
| #define STDC_HEADERS 1
| #define HAVE_SYS_TYPES_H 1
| #define HAVE_SYS_STAT_H 1
| #define HAVE_STDLIB_H 1
| #define HAVE_STRING_H 1
| #define HAVE_MEMORY_H 1
| #define HAVE_STRINGS_H 1
| #define HAVE_INTTYPES_H 1
| #define HAVE_STDINT_H 1
| #define HAVE_UNISTD_H 1
| #define HAVE_PWD_H 1
| #define HAVE_TERMIOS_H 1
| #define HAVE_SYS_SOCKIO_H 1
| /* end confdefs.h.  */
| 
| /* Override any GCC internal prototype to avoid an error.
|    Use char because int might match the return type of a GCC
|    builtin and then its argument prototype would still apply.  */
| #ifdef __cplusplus
| extern "C"
| #endif
| char nl_handle_alloc ();
| int
| main ()
| {
| return nl_handle_alloc ();
|   ;
|   return 0;
| }
configure:4900: gcc -o conftest -g -O2   conftest.c -lnl   >&5
ld: library not found for -lnl
collect2: ld returned 1 exit status
configure:4900: $? = 1
configure: failed program was:
| /* confdefs.h */
| #define PACKAGE_NAME ""
| #define PACKAGE_TARNAME ""
| #define PACKAGE_VERSION ""
| #define PACKAGE_STRING ""
| #define PACKAGE_BUGREPORT ""
| #define PACKAGE_URL ""
| #define STDC_HEADERS 1
| #define HAVE_SYS_TYPES_H 1
| #define HAVE_SYS_STAT_H 1
| #define HAVE_STDLIB_H 1
| #define HAVE_STRING_H 1
| #define HAVE_MEMORY_H 1
| #define HAVE_STRINGS_H 1
| #define HAVE_INTTYPES_H 1
| #define HAVE_STDINT_H 1
| #define HAVE_UNISTD_H 1
| #define HAVE_PWD_H 1
| #define HAVE_TERMIOS_H 1
| #define HAVE_SYS_SOCKIO_H 1
| /* end confdefs.h.  */
| 
| /* Override any GCC internal prototype to avoid an error.
|    Use char because int might match the return type of a GCC
|    builtin and then its argument prototype would still apply.  */
| #ifdef __cplusplus
| extern "C"
| #endif
| char nl_handle_alloc ();
| int
| main ()
| {
| return nl_handle_alloc ();
|   ;
|   return 0;
| }
configure:4917: result: no
configure:4950: checking openssl/ssl.h usability
configure:4950: gcc -c -g -O2  conftest.c >&5
configure:4950: $? = 0
configure:4950: result: yes
configure:4950: checking openssl/ssl.h presence
configure:4950: gcc -E  conftest.c
configure:4950: $? = 0
configure:4950: result: yes
configure:4950: checking for openssl/ssl.h
configure:4950: result: yes
configure:4967: checking for BIO_int_ctrl in -lcrypto
configure:4992: gcc -o conftest -g -O2   conftest.c -lcrypto   >&5
configure:4992: $? = 0
configure:5001: result: yes
configure:5018: checking for SSL_new in -lssl
configure:5043: gcc -o conftest -g -O2   conftest.c -lssl  -lcrypto   >&5
configure:5043: $? = 0
configure:5052: result: yes
configure:5076: checking for EVP_sha256
configure:5076: gcc -o conftest -g -O2   conftest.c  -lssl -lcrypto >&5
configure:5076: $? = 0
configure:5076: result: yes
configure:5098: checking pcap.h usability
configure:5098: gcc -c -g -O2  conftest.c >&5
configure:5098: $? = 0
configure:5098: result: yes
configure:5098: checking pcap.h presence
configure:5098: gcc -E  conftest.c
configure:5098: $? = 0
configure:5098: result: yes
configure:5098: checking for pcap.h
configure:5098: result: yes
configure:5101: checking for pcap_datalink in -lpcap
configure:5126: gcc -o conftest -g -O2   conftest.c -lpcap   >&5
configure:5126: $? = 0
configure:5135: result: yes
configure:5229: checking sys/ioccom.h usability
configure:5229: gcc -c -g -O2  conftest.c >&5
configure:5229: $? = 0
configure:5229: result: yes
configure:5229: checking sys/ioccom.h presence
configure:5229: gcc -E  conftest.c
configure:5229: $? = 0
configure:5229: result: yes
configure:5229: checking for sys/ioccom.h
configure:5229: result: yes
configure:5229: checking sys/time.h usability
configure:5229: gcc -c -g -O2  conftest.c >&5
configure:5229: $? = 0
configure:5229: result: yes
configure:5229: checking sys/time.h presence
configure:5229: gcc -E  conftest.c
configure:5229: $? = 0
configure:5229: result: yes
configure:5229: checking for sys/time.h
configure:5229: result: yes
configure:5229: checking net/bpf.h usability
configure:5229: gcc -c -g -O2  conftest.c >&5
configure:5229: $? = 0
configure:5229: result: yes
configure:5229: checking net/bpf.h presence
configure:5229: gcc -E  conftest.c
configure:5229: $? = 0
configure:5229: result: yes
configure:5229: checking for net/bpf.h
configure:5229: result: yes
configure:5239: checking if libpcap is suitable
configure:5263: gcc -o conftest -g -O2   conftest.c  -lpcap >&5
configure:5263: $? = 0
configure:5263: ./conftest
configure:5263: $? = 0
configure:5301: gcc -o conftest -g -O2   conftest.c  -lpcap >&5
configure:5301: $? = 0
configure:5301: ./conftest
configure:5301: $? = 0
configure:5303: checking whether pcap_get_selectable_fd is declared
configure:5303: gcc -c -g -O2  conftest.c >&5
configure:5303: $? = 0
configure:5303: result: yes
configure:5306: result: yes
configure:5425: checking if sockaddr{} has sa_len member
configure:5443: gcc -c -g -O2 -I../libdnet-stripped/include  conftest.c >&5
configure:5443: $? = 0
configure:5450: result: yes
configure:5458: checking if sockaddr_in{} has sin_len member
configure:5477: gcc -c -g -O2 -I../libdnet-stripped/include  conftest.c >&5
configure:5477: $? = 0
configure:5484: result: yes
configure:5492: checking if sockaddr_in6{} has sin6_len member
configure:5511: gcc -c -g -O2 -I../libdnet-stripped/include  conftest.c >&5
configure:5511: $? = 0
configure:5518: result: yes
configure:5527: checking whether byte ordering is bigendian
configure:5542: gcc -c -g -O2 -I../libdnet-stripped/include  conftest.c >&5
configure:5542: $? = 0
configure:5587: gcc -c -g -O2 -I../libdnet-stripped/include  conftest.c >&5
configure:5587: $? = 0
configure:5605: gcc -c -g -O2 -I../libdnet-stripped/include  conftest.c >&5
conftest.c: In function 'main':
conftest.c:37: error: 'not' undeclared (first use in this function)
conftest.c:37: error: (Each undeclared identifier is reported only once
conftest.c:37: error: for each function it appears in.)
conftest.c:37: error: expected ';' before 'big'
configure:5605: $? = 1
configure: failed program was:
| /* confdefs.h */
| #define PACKAGE_NAME ""
| #define PACKAGE_TARNAME ""
| #define PACKAGE_VERSION ""
| #define PACKAGE_STRING ""
| #define PACKAGE_BUGREPORT ""
| #define PACKAGE_URL ""
| #define STDC_HEADERS 1
| #define HAVE_SYS_TYPES_H 1
| #define HAVE_SYS_STAT_H 1
| #define HAVE_STDLIB_H 1
| #define HAVE_STRING_H 1
| #define HAVE_MEMORY_H 1
| #define HAVE_STRINGS_H 1
| #define HAVE_INTTYPES_H 1
| #define HAVE_STDINT_H 1
| #define HAVE_UNISTD_H 1
| #define HAVE_PWD_H 1
| #define HAVE_TERMIOS_H 1
| #define HAVE_SYS_SOCKIO_H 1
| #define HAVE_OPENSSL 1
| #define HAVE_SYS_IOCCOM_H 1
| #define HAVE_SYS_TIME_H 1
| #define HAVE_NET_BPF_H 1
| #define HAVE_LIBPCAP 1
| #define HAVE_SOCKADDR_SA_LEN 1
| #define HAVE_SOCKADDR_IN_SIN_LEN 1
| #define HAVE_SOCKADDR_IN6_SIN6_LEN 1
| /* end confdefs.h.  */
| #include <sys/types.h>
| 		#include <sys/param.h>
| 
| int
| main ()
| {
| #if BYTE_ORDER != BIG_ENDIAN
| 		 not big endian
| 		#endif
| 
|   ;
|   return 0;
| }
configure:5733: result: no
configure:5752: checking if struct in_addr is a wacky huge structure (some Sun boxes)
configure:5766: gcc -c -g -O2 -I../libdnet-stripped/include  conftest.c >&5
conftest.c: In function 'main':
conftest.c:34: error: 'struct in_addr' has no member named '_S_un'
configure:5766: $? = 1
configure: failed program was:
| /* confdefs.h */
| #define PACKAGE_NAME ""
| #define PACKAGE_TARNAME ""
| #define PACKAGE_VERSION ""
| #define PACKAGE_STRING ""
| #define PACKAGE_BUGREPORT ""
| #define PACKAGE_URL ""
| #define STDC_HEADERS 1
| #define HAVE_SYS_TYPES_H 1
| #define HAVE_SYS_STAT_H 1
| #define HAVE_STDLIB_H 1
| #define HAVE_STRING_H 1
| #define HAVE_MEMORY_H 1
| #define HAVE_STRINGS_H 1
| #define HAVE_INTTYPES_H 1
| #define HAVE_STDINT_H 1
| #define HAVE_UNISTD_H 1
| #define HAVE_PWD_H 1
| #define HAVE_TERMIOS_H 1
| #define HAVE_SYS_SOCKIO_H 1
| #define HAVE_OPENSSL 1
| #define HAVE_SYS_IOCCOM_H 1
| #define HAVE_SYS_TIME_H 1
| #define HAVE_NET_BPF_H 1
| #define HAVE_LIBPCAP 1
| #define HAVE_SOCKADDR_SA_LEN 1
| #define HAVE_SOCKADDR_IN_SIN_LEN 1
| #define HAVE_SOCKADDR_IN6_SIN6_LEN 1
| /* end confdefs.h.  */
| #include <netinet/in.h>
| int
| main ()
| {
| struct in_addr i; i._S_un._S_addr;
|   ;
|   return 0;
| }
configure:5786: gcc -c -g -O2 -I../libdnet-stripped/include  conftest.c >&5
conftest.c: In function 'main':
conftest.c:35: error: 'struct in_addr' has no member named 'S_un'
configure:5786: $? = 1
configure: failed program was:
| /* confdefs.h */
| #define PACKAGE_NAME ""
| #define PACKAGE_TARNAME ""
| #define PACKAGE_VERSION ""
| #define PACKAGE_STRING ""
| #define PACKAGE_BUGREPORT ""
| #define PACKAGE_URL ""
| #define STDC_HEADERS 1
| #define HAVE_SYS_TYPES_H 1
| #define HAVE_SYS_STAT_H 1
| #define HAVE_STDLIB_H 1
| #define HAVE_STRING_H 1
| #define HAVE_MEMORY_H 1
| #define HAVE_STRINGS_H 1
| #define HAVE_INTTYPES_H 1
| #define HAVE_STDINT_H 1
| #define HAVE_UNISTD_H 1
| #define HAVE_PWD_H 1
| #define HAVE_TERMIOS_H 1
| #define HAVE_SYS_SOCKIO_H 1
| #define HAVE_OPENSSL 1
| #define HAVE_SYS_IOCCOM_H 1
| #define HAVE_SYS_TIME_H 1
| #define HAVE_NET_BPF_H 1
| #define HAVE_LIBPCAP 1
| #define HAVE_SOCKADDR_SA_LEN 1
| #define HAVE_SOCKADDR_IN_SIN_LEN 1
| #define HAVE_SOCKADDR_IN6_SIN6_LEN 1
| /* end confdefs.h.  */
| #include <sys/types.h>
| #include <netinet/in.h>
| int
| main ()
| {
| struct in_addr i; i.S_un.S_addr;
|   ;
|   return 0;
| }
configure:5794: result: no
configure:5836: checking if struct ip has ip_sum member
configure:5861: gcc -c -g -O2 -I../libdnet-stripped/include  conftest.c >&5
configure:5861: $? = 0
configure:5868: result: yes
configure:5875: checking if function signal is accessible
configure:5902: gcc -c -g -O2 -I../libdnet-stripped/include  conftest.c >&5
conftest.c: In function 'main':
conftest.c:38: error: nested functions are disabled, use -fnested-functions to re-enable
conftest.c:42: error: nested functions are disabled, use -fnested-functions to re-enable
configure:5902: $? = 1
configure: failed program was:
| /* confdefs.h */
| #define PACKAGE_NAME ""
| #define PACKAGE_TARNAME ""
| #define PACKAGE_VERSION ""
| #define PACKAGE_STRING ""
| #define PACKAGE_BUGREPORT ""
| #define PACKAGE_URL ""
| #define STDC_HEADERS 1
| #define HAVE_SYS_TYPES_H 1
| #define HAVE_SYS_STAT_H 1
| #define HAVE_STDLIB_H 1
| #define HAVE_STRING_H 1
| #define HAVE_MEMORY_H 1
| #define HAVE_STRINGS_H 1
| #define HAVE_INTTYPES_H 1
| #define HAVE_STDINT_H 1
| #define HAVE_UNISTD_H 1
| #define HAVE_PWD_H 1
| #define HAVE_TERMIOS_H 1
| #define HAVE_SYS_SOCKIO_H 1
| #define HAVE_OPENSSL 1
| #define HAVE_SYS_IOCCOM_H 1
| #define HAVE_SYS_TIME_H 1
| #define HAVE_NET_BPF_H 1
| #define HAVE_LIBPCAP 1
| #define HAVE_SOCKADDR_SA_LEN 1
| #define HAVE_SOCKADDR_IN_SIN_LEN 1
| #define HAVE_SOCKADDR_IN6_SIN6_LEN 1
| #define HAVE_IP_IP_SUM 1
| /* end confdefs.h.  */
| 
|                     #include <signal.h>
| 
| int
| main ()
| {
| 
|                     void handler(int signo){
|                      int a=0;
|                     }
| 
|                     int main () {
|                         ssignal(SIGINT, handler);
|                         return 0;
|                     }
| 
|   ;
|   return 0;
| }
configure:5909: result: no
configure:6190: checking for main in -lm
configure:6209: gcc -o conftest -g -O2 -I../libdnet-stripped/include   conftest.c -lm   >&5
configure:6209: $? = 0
configure:6218: result: yes
configure:6241: checking for strerror
configure:6241: gcc -o conftest -g -O2 -I../libdnet-stripped/include   conftest.c -lm  >&5
configure:6241: $? = 0
configure:6241: result: yes
configure:6369: creating ./config.status

## ---------------------- ##
## Running config.status. ##
## ---------------------- ##

This file was extended by config.status, which was
generated by GNU Autoconf 2.69.  Invocation command line was

  CONFIG_FILES    = 
  CONFIG_HEADERS  = 
  CONFIG_LINKS    = 
  CONFIG_COMMANDS = 
  $ ./config.status 

on mhillick-rdub.local

config.status:843: creating Makefile
config.status:946: WARNING:  'Makefile.in' seems to ignore the --datarootdir setting
config.status:843: creating nping_config.h

## ---------------- ##
## Cache variables. ##
## ---------------- ##

ac_cv_build=x86_64-apple-darwin12.5.0
ac_cv_c_bigendian=no
ac_cv_c_compiler_gnu=yes
ac_cv_c_inline=inline
ac_cv_cxx_compiler_gnu=yes
ac_cv_env_CCC_set=
ac_cv_env_CCC_value=
ac_cv_env_CC_set=
ac_cv_env_CC_value=
ac_cv_env_CFLAGS_set=
ac_cv_env_CFLAGS_value=
ac_cv_env_CPPFLAGS_set=
ac_cv_env_CPPFLAGS_value=
ac_cv_env_CPP_set=
ac_cv_env_CPP_value=
ac_cv_env_CXXFLAGS_set=
ac_cv_env_CXXFLAGS_value=
ac_cv_env_CXX_set=
ac_cv_env_CXX_value=
ac_cv_env_LDFLAGS_set=
ac_cv_env_LDFLAGS_value=
ac_cv_env_LIBS_set=
ac_cv_env_LIBS_value=
ac_cv_env_build_alias_set=
ac_cv_env_build_alias_value=
ac_cv_env_host_alias_set=
ac_cv_env_host_alias_value=
ac_cv_env_target_alias_set=
ac_cv_env_target_alias_value=
ac_cv_func_EVP_sha256=yes
ac_cv_func_strerror=yes
ac_cv_have_decl_pcap_get_selectable_fd=yes
ac_cv_have_signal=no
ac_cv_header_inttypes_h=yes
ac_cv_header_memory_h=yes
ac_cv_header_net_bpf_h=yes
ac_cv_header_openssl_ssl_h=yes
ac_cv_header_pcap_h=yes
ac_cv_header_pwd_h=yes
ac_cv_header_stdc=yes
ac_cv_header_stdint_h=yes
ac_cv_header_stdlib_h=yes
ac_cv_header_string_h=yes
ac_cv_header_strings_h=yes
ac_cv_header_sys_ioccom_h=yes
ac_cv_header_sys_sockio_h=yes
ac_cv_header_sys_stat_h=yes
ac_cv_header_sys_time_h=yes
ac_cv_header_sys_types_h=yes
ac_cv_header_termios_h=yes
ac_cv_header_unistd_h=yes
ac_cv_host=x86_64-apple-darwin12.5.0
ac_cv_ip_has_ip_sum=yes
ac_cv_lib_crypto_BIO_int_ctrl=yes
ac_cv_lib_m_main=yes
ac_cv_lib_pcap_pcap_datalink=yes
ac_cv_lib_ssl_SSL_new=yes
ac_cv_objext=o
ac_cv_path_EGREP='/usr/bin/grep -E'
ac_cv_path_GREP=/usr/bin/grep
ac_cv_path_ac_pt_STRIP=/usr/bin/strip
ac_cv_path_install='/usr/bin/install -c'
ac_cv_prog_CPP='gcc -E'
ac_cv_prog_ac_ct_CC=gcc
ac_cv_prog_ac_ct_CXX=g++
ac_cv_prog_cc_c89=
ac_cv_prog_cc_g=yes
ac_cv_prog_cxx_g=yes
ac_cv_search_dlopen='none required'
ac_cv_search_gethostbyname='none required'
ac_cv_search_nl_handle_alloc=no
ac_cv_search_setsockopt='none required'
ac_cv_sockaddr_has_sa_len=yes
ac_cv_sockaddr_in6_has_sin6_len=yes
ac_cv_sockaddr_in_has_sin_len=yes

## ----------------- ##
## Output variables. ##
## ----------------- ##

CC='gcc'
CFLAGS='-g -O2'
CPP='gcc -E'
CPPFLAGS='-I../libdnet-stripped/include '
CXX='g++'
CXXFLAGS='-g -O2 -Wall  -fno-strict-aliasing'
DEFS='-DHAVE_CONFIG_H'
DNET_BUILD='dnet_build'
DNET_CLEAN='dnet_clean'
DNET_DEPENDS='../libdnet-stripped/src/.libs/libdnet.a'
DNET_DIST_CLEAN='dnet_dist_clean'
ECHO_C='\c'
ECHO_N=''
ECHO_T=''
EGREP='/usr/bin/grep -E'
EXEEXT=''
GREP='/usr/bin/grep'
INSTALL_DATA='${INSTALL} -m 644'
INSTALL_PROGRAM='${INSTALL}'
INSTALL_SCRIPT='${INSTALL}'
LDFLAGS=''
LIBDNETDIR='../libdnet-stripped'
LIBDNET_LIBS='../libdnet-stripped/src/.libs/libdnet.a'
LIBOBJS=''
LIBPCAP_LIBS='-lpcap'
LIBS='-lm '
LTLIBOBJS=''
OBJEXT='o'
OPENSSL_LIBS='-lssl -lcrypto'
PACKAGE_BUGREPORT=''
PACKAGE_NAME=''
PACKAGE_STRING=''
PACKAGE_TARNAME=''
PACKAGE_URL=''
PACKAGE_VERSION=''
PATH_SEPARATOR=':'
PCAP_BUILD=''
PCAP_CLEAN=''
PCAP_DEPENDS=''
PCAP_DIST_CLEAN=''
SHELL='/bin/sh'
STRIP='/usr/bin/strip'
ac_ct_CC='gcc'
ac_ct_CXX='g++'
bindir='${exec_prefix}/bin'
build='x86_64-apple-darwin12.5.0'
build_alias=''
build_cpu='x86_64'
build_os='darwin12.5.0'
build_vendor='apple'
datadir='${datarootdir}'
datarootdir='${prefix}/share'
docdir='${datarootdir}/doc/${PACKAGE}'
dvidir='${docdir}'
exec_prefix='${prefix}'
host='x86_64-apple-darwin12.5.0'
host_alias=''
host_cpu='x86_64'
host_os='darwin12.5.0'
host_vendor='apple'
htmldir='${docdir}'
includedir='${prefix}/include'
infodir='${datarootdir}/info'
libdir='${exec_prefix}/lib'
libexecdir='${exec_prefix}/libexec'
libpcapdir='../libpcap'
localedir='${datarootdir}/locale'
localstatedir='${prefix}/var'
mandir='${datarootdir}/man'
oldincludedir='/usr/include'
pcredir='libpcre'
pdfdir='${docdir}'
prefix='/usr/local'
program_transform_name='s,x,x,'
psdir='${docdir}'
sbindir='${exec_prefix}/sbin'
sharedstatedir='${prefix}/com'
subdirs=' libdnet-stripped'
sysconfdir='${prefix}/etc'
target_alias=''

## ----------- ##
## confdefs.h. ##
## ----------- ##

/* confdefs.h */
#define PACKAGE_NAME ""
#define PACKAGE_TARNAME ""
#define PACKAGE_VERSION ""
#define PACKAGE_STRING ""
#define PACKAGE_BUGREPORT ""
#define PACKAGE_URL ""
#define STDC_HEADERS 1
#define HAVE_SYS_TYPES_H 1
#define HAVE_SYS_STAT_H 1
#define HAVE_STDLIB_H 1
#define HAVE_STRING_H 1
#define HAVE_MEMORY_H 1
#define HAVE_STRINGS_H 1
#define HAVE_INTTYPES_H 1
#define HAVE_STDINT_H 1
#define HAVE_UNISTD_H 1
#define HAVE_PWD_H 1
#define HAVE_TERMIOS_H 1
#define HAVE_SYS_SOCKIO_H 1
#define HAVE_OPENSSL 1
#define HAVE_SYS_IOCCOM_H 1
#define HAVE_SYS_TIME_H 1
#define HAVE_NET_BPF_H 1
#define HAVE_LIBPCAP 1
#define HAVE_SOCKADDR_SA_LEN 1
#define HAVE_SOCKADDR_IN_SIN_LEN 1
#define HAVE_SOCKADDR_IN6_SIN6_LEN 1
#define HAVE_IP_IP_SUM 1
#define MACOSX 1
#define HAVE_LIBM 1
#define HAVE_STRERROR 1

configure: exit 0
