This file contains any messages produced by compilers while
running configure, to aid debugging if configure makes a mistake.

It was created by configure, which was
generated by GNU Autoconf 2.69.  Invocation command line was

  $ ./configure --disable-option-checking --prefix=/usr/local --cache-file=/dev/null --srcdir=.

## --------- ##
## Platform. ##
## --------- ##

hostname = mhillick-rdub.local
uname -m = x86_64
uname -r = 12.5.0
uname -s = Darwin
uname -v = Darwin Kernel Version 12.5.0: Sun Sep 29 13:33:47 PDT 2013; root:xnu-2050.48.12~1/RELEASE_X86_64

/usr/bin/uname -p = i386
/bin/uname -X     = unknown

/bin/arch              = unknown
/usr/bin/arch -k       = unknown
/usr/convex/getsysinfo = unknown
/usr/bin/hostinfo      = Mach kernel version:
	 Darwin Kernel Version 12.5.0: Sun Sep 29 13:33:47 PDT 2013; root:xnu-2050.48.12~1/RELEASE_X86_64
Kernel configured for up to 8 processors.
4 processors are physically available.
8 processors are logically available.
Processor type: i486 (Intel 80486)
Processors active: 0 1 2 3 4 5 6 7
Primary memory available: 16.00 gigabytes
Default processor set: 223 tasks, 1618 threads, 8 processors
Load average: 2.86, Mach factor: 5.12
/bin/machine           = unknown
/usr/bin/oslevel       = unknown
/bin/universe          = unknown

PATH: /Users/mhillick/bin
PATH: ./.bundle/bin
PATH: /Users/mhillick/.rbenv/shims
PATH: /Users/mhillick/.rbenv/bin
PATH: /usr/bin
PATH: /bin
PATH: /usr/sbin
PATH: /sbin
PATH: /usr/local/bin
PATH: /opt/X11/bin
PATH: /usr/local/MacGPG2/bin


## ----------- ##
## Core tests. ##
## ----------- ##

configure:2155: checking build system type
configure:2169: result: x86_64-apple-darwin12.5.0
configure:2189: checking host system type
configure:2202: result: x86_64-apple-darwin12.5.0
configure:2389: checking for gcc
configure:2405: found /usr/bin/gcc
configure:2416: result: gcc
configure:2645: checking for C compiler version
configure:2654: gcc --version >&5
i686-apple-darwin11-llvm-gcc-4.2 (GCC) 4.2.1 (Based on Apple Inc. build 5658) (LLVM build 2336.11.00)
Copyright (C) 2007 Free Software Foundation, Inc.
This is free software; see the source for copying conditions.  There is NO
warranty; not even for MERCHANTABILITY or FITNESS FOR A PARTICULAR PURPOSE.

configure:2665: $? = 0
configure:2654: gcc -v >&5
Using built-in specs.
Target: i686-apple-darwin11
Configured with: /private/var/tmp/llvmgcc42/llvmgcc42-2336.11~182/src/configure --disable-checking --enable-werror --prefix=/Applications/Xcode.app/Contents/Developer/usr/llvm-gcc-4.2 --mandir=/share/man --enable-languages=c,objc,c++,obj-c++ --program-prefix=llvm- --program-transform-name=/^[cg][^.-]*$/s/$/-4.2/ --with-slibdir=/usr/lib --build=i686-apple-darwin11 --enable-llvm=/private/var/tmp/llvmgcc42/llvmgcc42-2336.11~182/dst-llvmCore/Developer/usr/local --program-prefix=i686-apple-darwin11- --host=x86_64-apple-darwin11 --target=i686-apple-darwin11 --with-gxx-include-dir=/usr/include/c++/4.2.1
Thread model: posix
gcc version 4.2.1 (Based on Apple Inc. build 5658) (LLVM build 2336.11.00)
configure:2665: $? = 0
configure:2654: gcc -V >&5
llvm-gcc-4.2: argument to `-V' is missing
configure:2665: $? = 1
configure:2654: gcc -qversion >&5
i686-apple-darwin11-llvm-gcc-4.2: no input files
configure:2665: $? = 1
configure:2685: checking whether the C compiler works
configure:2707: gcc    conftest.c  >&5
configure:2711: $? = 0
configure:2759: result: yes
configure:2762: checking for C compiler default output file name
configure:2764: result: a.out
configure:2770: checking for suffix of executables
configure:2777: gcc -o conftest    conftest.c  >&5
configure:2781: $? = 0
configure:2803: result: 
configure:2825: checking whether we are cross compiling
configure:2833: gcc -o conftest    conftest.c  >&5
configure:2837: $? = 0
configure:2844: ./conftest
configure:2848: $? = 0
configure:2863: result: no
configure:2868: checking for suffix of object files
configure:2890: gcc -c   conftest.c >&5
configure:2894: $? = 0
configure:2915: result: o
configure:2919: checking whether we are using the GNU C compiler
configure:2938: gcc -c   conftest.c >&5
configure:2938: $? = 0
configure:2947: result: yes
configure:2956: checking whether gcc accepts -g
configure:2976: gcc -c -g  conftest.c >&5
configure:2976: $? = 0
configure:3017: result: yes
configure:3034: checking for gcc option to accept ISO C89
configure:3097: gcc  -c -g -O2  conftest.c >&5
configure:3097: $? = 0
configure:3110: result: none needed
configure:3136: checking how to run the C preprocessor
configure:3167: gcc -E  conftest.c
configure:3167: $? = 0
configure:3181: gcc -E  conftest.c
conftest.c:10:28: error: ac_nonexistent.h: No such file or directory
configure:3181: $? = 1
configure: failed program was:
| /* confdefs.h */
| #define PACKAGE_NAME ""
| #define PACKAGE_TARNAME ""
| #define PACKAGE_VERSION ""
| #define PACKAGE_STRING ""
| #define PACKAGE_BUGREPORT ""
| #define PACKAGE_URL ""
| #define MACOSX 1
| /* end confdefs.h.  */
| #include <ac_nonexistent.h>
configure:3206: result: gcc -E
configure:3226: gcc -E  conftest.c
configure:3226: $? = 0
configure:3240: gcc -E  conftest.c
conftest.c:10:28: error: ac_nonexistent.h: No such file or directory
configure:3240: $? = 1
configure: failed program was:
| /* confdefs.h */
| #define PACKAGE_NAME ""
| #define PACKAGE_TARNAME ""
| #define PACKAGE_VERSION ""
| #define PACKAGE_STRING ""
| #define PACKAGE_BUGREPORT ""
| #define PACKAGE_URL ""
| #define MACOSX 1
| /* end confdefs.h.  */
| #include <ac_nonexistent.h>
configure:3269: checking for grep that handles long lines and -e
configure:3327: result: /usr/bin/grep
configure:3332: checking for egrep
configure:3394: result: /usr/bin/grep -E
configure:3399: checking for ANSI C header files
configure:3419: gcc -c -g -O2  conftest.c >&5
configure:3419: $? = 0
configure:3492: gcc -o conftest -g -O2   conftest.c  >&5
configure:3492: $? = 0
configure:3492: ./conftest
configure:3492: $? = 0
configure:3503: result: yes
configure:3516: checking for sys/types.h
configure:3516: gcc -c -g -O2  conftest.c >&5
configure:3516: $? = 0
configure:3516: result: yes
configure:3516: checking for sys/stat.h
configure:3516: gcc -c -g -O2  conftest.c >&5
configure:3516: $? = 0
configure:3516: result: yes
configure:3516: checking for stdlib.h
configure:3516: gcc -c -g -O2  conftest.c >&5
configure:3516: $? = 0
configure:3516: result: yes
configure:3516: checking for string.h
configure:3516: gcc -c -g -O2  conftest.c >&5
configure:3516: $? = 0
configure:3516: result: yes
configure:3516: checking for memory.h
configure:3516: gcc -c -g -O2  conftest.c >&5
configure:3516: $? = 0
configure:3516: result: yes
configure:3516: checking for strings.h
configure:3516: gcc -c -g -O2  conftest.c >&5
configure:3516: $? = 0
configure:3516: result: yes
configure:3516: checking for inttypes.h
configure:3516: gcc -c -g -O2  conftest.c >&5
configure:3516: $? = 0
configure:3516: result: yes
configure:3516: checking for stdint.h
configure:3516: gcc -c -g -O2  conftest.c >&5
configure:3516: $? = 0
configure:3516: result: yes
configure:3516: checking for unistd.h
configure:3516: gcc -c -g -O2  conftest.c >&5
configure:3516: $? = 0
configure:3516: result: yes
configure:3533: checking pcap.h usability
configure:3533: gcc -c -g -O2  conftest.c >&5
configure:3533: $? = 0
configure:3533: result: yes
configure:3533: checking pcap.h presence
configure:3533: gcc -E  conftest.c
configure:3533: $? = 0
configure:3533: result: yes
configure:3533: checking for pcap.h
configure:3533: result: yes
configure:3628: checking linux/version.h usability
configure:3628: gcc -c -g -O2  conftest.c >&5
conftest.c:54:27: error: linux/version.h: No such file or directory
configure:3628: $? = 1
configure: failed program was:
| /* confdefs.h */
| #define PACKAGE_NAME ""
| #define PACKAGE_TARNAME ""
| #define PACKAGE_VERSION ""
| #define PACKAGE_STRING ""
| #define PACKAGE_BUGREPORT ""
| #define PACKAGE_URL ""
| #define MACOSX 1
| #define STDC_HEADERS 1
| #define HAVE_SYS_TYPES_H 1
| #define HAVE_SYS_STAT_H 1
| #define HAVE_STDLIB_H 1
| #define HAVE_STRING_H 1
| #define HAVE_MEMORY_H 1
| #define HAVE_STRINGS_H 1
| #define HAVE_INTTYPES_H 1
| #define HAVE_STDINT_H 1
| #define HAVE_UNISTD_H 1
| #define HAVE_PCAP 1
| /* end confdefs.h.  */
| #include <stdio.h>
| #ifdef HAVE_SYS_TYPES_H
| # include <sys/types.h>
| #endif
| #ifdef HAVE_SYS_STAT_H
| # include <sys/stat.h>
| #endif
| #ifdef STDC_HEADERS
| # include <stdlib.h>
| # include <stddef.h>
| #else
| # ifdef HAVE_STDLIB_H
| #  include <stdlib.h>
| # endif
| #endif
| #ifdef HAVE_STRING_H
| # if !defined STDC_HEADERS && defined HAVE_MEMORY_H
| #  include <memory.h>
| # endif
| # include <string.h>
| #endif
| #ifdef HAVE_STRINGS_H
| # include <strings.h>
| #endif
| #ifdef HAVE_INTTYPES_H
| # include <inttypes.h>
| #endif
| #ifdef HAVE_STDINT_H
| # include <stdint.h>
| #endif
| #ifdef HAVE_UNISTD_H
| # include <unistd.h>
| #endif
| #include <linux/version.h>
configure:3628: result: no
configure:3628: checking linux/version.h presence
configure:3628: gcc -E  conftest.c
conftest.c:21:27: error: linux/version.h: No such file or directory
configure:3628: $? = 1
configure: failed program was:
| /* confdefs.h */
| #define PACKAGE_NAME ""
| #define PACKAGE_TARNAME ""
| #define PACKAGE_VERSION ""
| #define PACKAGE_STRING ""
| #define PACKAGE_BUGREPORT ""
| #define PACKAGE_URL ""
| #define MACOSX 1
| #define STDC_HEADERS 1
| #define HAVE_SYS_TYPES_H 1
| #define HAVE_SYS_STAT_H 1
| #define HAVE_STDLIB_H 1
| #define HAVE_STRING_H 1
| #define HAVE_MEMORY_H 1
| #define HAVE_STRINGS_H 1
| #define HAVE_INTTYPES_H 1
| #define HAVE_STDINT_H 1
| #define HAVE_UNISTD_H 1
| #define HAVE_PCAP 1
| /* end confdefs.h.  */
| #include <linux/version.h>
configure:3628: result: no
configure:3628: checking for linux/version.h
configure:3628: result: no
configure:3634: checking for Linux epoll(7) interface
configure:3660: gcc -o conftest -g -O2   conftest.c  >&5
conftest.c:21:29: error: sys/epoll.h: No such file or directory
conftest.c: In function 'main':
conftest.c:33: error: storage size of 'ev' isn't known
configure:3660: $? = 1
configure: failed program was:
| /* confdefs.h */
| #define PACKAGE_NAME ""
| #define PACKAGE_TARNAME ""
| #define PACKAGE_VERSION ""
| #define PACKAGE_STRING ""
| #define PACKAGE_BUGREPORT ""
| #define PACKAGE_URL ""
| #define MACOSX 1
| #define STDC_HEADERS 1
| #define HAVE_SYS_TYPES_H 1
| #define HAVE_SYS_STAT_H 1
| #define HAVE_STDLIB_H 1
| #define HAVE_STRING_H 1
| #define HAVE_MEMORY_H 1
| #define HAVE_STRINGS_H 1
| #define HAVE_INTTYPES_H 1
| #define HAVE_STDINT_H 1
| #define HAVE_UNISTD_H 1
| #define HAVE_PCAP 1
| /* end confdefs.h.  */
|       #include <sys/epoll.h>
| #ifdef HAVE_LINUX_VERSION_H
| #  include <linux/version.h>
| #  if LINUX_VERSION_CODE < KERNEL_VERSION(2,5,45)
| #    error linux kernel version is too old to have epoll
| #  endif
| #endif
| 
| int
| main ()
| {
| int fd, rc;
| struct epoll_event ev;
| fd = epoll_create(128);
| rc = epoll_wait(fd, &ev, 1, 0);
|   ;
|   return 0;
| }
configure:3676: result: no
configure:3681: checking for poll(2)
configure:3697: gcc -o conftest -g -O2   conftest.c  >&5
configure:3697: $? = 0
configure:3707: result: yes
configure:3720: checking for kqueue
configure:3720: gcc -o conftest -g -O2   conftest.c  >&5
configure:3720: $? = 0
configure:3720: result: yes
configure:3720: checking for kevent
configure:3720: gcc -o conftest -g -O2   conftest.c  >&5
configure:3720: $? = 0
configure:3720: result: yes
configure:3779: checking for gcc
configure:3806: result: gcc
configure:4035: checking for C compiler version
configure:4044: gcc --version >&5
i686-apple-darwin11-llvm-gcc-4.2 (GCC) 4.2.1 (Based on Apple Inc. build 5658) (LLVM build 2336.11.00)
Copyright (C) 2007 Free Software Foundation, Inc.
This is free software; see the source for copying conditions.  There is NO
warranty; not even for MERCHANTABILITY or FITNESS FOR A PARTICULAR PURPOSE.

configure:4055: $? = 0
configure:4044: gcc -v >&5
Using built-in specs.
Target: i686-apple-darwin11
Configured with: /private/var/tmp/llvmgcc42/llvmgcc42-2336.11~182/src/configure --disable-checking --enable-werror --prefix=/Applications/Xcode.app/Contents/Developer/usr/llvm-gcc-4.2 --mandir=/share/man --enable-languages=c,objc,c++,obj-c++ --program-prefix=llvm- --program-transform-name=/^[cg][^.-]*$/s/$/-4.2/ --with-slibdir=/usr/lib --build=i686-apple-darwin11 --enable-llvm=/private/var/tmp/llvmgcc42/llvmgcc42-2336.11~182/dst-llvmCore/Developer/usr/local --program-prefix=i686-apple-darwin11- --host=x86_64-apple-darwin11 --target=i686-apple-darwin11 --with-gxx-include-dir=/usr/include/c++/4.2.1
Thread model: posix
gcc version 4.2.1 (Based on Apple Inc. build 5658) (LLVM build 2336.11.00)
configure:4055: $? = 0
configure:4044: gcc -V >&5
llvm-gcc-4.2: argument to `-V' is missing
configure:4055: $? = 1
configure:4044: gcc -qversion >&5
i686-apple-darwin11-llvm-gcc-4.2: no input files
configure:4055: $? = 1
configure:4059: checking whether we are using the GNU C compiler
configure:4087: result: yes
configure:4096: checking whether gcc accepts -g
configure:4157: result: yes
configure:4174: checking for gcc option to accept ISO C89
configure:4250: result: none needed
configure:4316: checking for ranlib
configure:4332: found /usr/bin/ranlib
configure:4343: result: ranlib
configure:4367: checking for gethostent
configure:4367: gcc -o conftest -g -O2 -Wall    conftest.c  >&5
configure:4367: $? = 0
configure:4367: result: yes
configure:4418: checking for setsockopt
configure:4418: gcc -o conftest -g -O2 -Wall    conftest.c  >&5
configure:4418: $? = 0
configure:4418: result: yes
configure:4470: checking for nanosleep
configure:4470: gcc -o conftest -g -O2 -Wall    conftest.c  >&5
configure:4470: $? = 0
configure:4470: result: yes
configure:4522: checking for ANSI C header files
configure:4626: result: yes
configure:4637: checking net/bpf.h usability
configure:4637: gcc -c -g -O2 -Wall   conftest.c >&5
configure:4637: $? = 0
configure:4637: result: yes
configure:4637: checking net/bpf.h presence
configure:4637: gcc -E  conftest.c
configure:4637: $? = 0
configure:4637: result: yes
configure:4637: checking for net/bpf.h
configure:4637: result: yes
configure:4637: checking sys/ioctl.h usability
configure:4637: gcc -c -g -O2 -Wall   conftest.c >&5
configure:4637: $? = 0
configure:4637: result: yes
configure:4637: checking sys/ioctl.h presence
configure:4637: gcc -E  conftest.c
configure:4637: $? = 0
configure:4637: result: yes
configure:4637: checking for sys/ioctl.h
configure:4637: result: yes
configure:4637: checking sys/un.h usability
configure:4637: gcc -c -g -O2 -Wall   conftest.c >&5
configure:4637: $? = 0
configure:4637: result: yes
configure:4637: checking sys/un.h presence
configure:4637: gcc -E  conftest.c
configure:4637: $? = 0
configure:4637: result: yes
configure:4637: checking for sys/un.h
configure:4637: result: yes
configure:4637: checking netdb.h usability
configure:4637: gcc -c -g -O2 -Wall   conftest.c >&5
configure:4637: $? = 0
configure:4637: result: yes
configure:4637: checking netdb.h presence
configure:4637: gcc -E  conftest.c
configure:4637: $? = 0
configure:4637: result: yes
configure:4637: checking for netdb.h
configure:4637: result: yes
configure:4672: checking openssl/ssl.h usability
configure:4672: gcc -c -g -O2 -Wall   conftest.c >&5
configure:4672: $? = 0
configure:4672: result: yes
configure:4672: checking openssl/ssl.h presence
configure:4672: gcc -E  conftest.c
configure:4672: $? = 0
configure:4672: result: yes
configure:4672: checking for openssl/ssl.h
configure:4672: result: yes
configure:4689: checking for BIO_int_ctrl in -lcrypto
configure:4714: gcc -o conftest -g -O2 -Wall    conftest.c -lcrypto   >&5
configure:4714: $? = 0
configure:4723: result: yes
configure:4740: checking for SSL_new in -lssl
configure:4765: gcc -o conftest -g -O2 -Wall    conftest.c -lssl  -lcrypto   >&5
configure:4765: $? = 0
configure:4774: result: yes
configure:4791: checking for library containing dlopen
configure:4822: gcc -o conftest -g -O2 -Wall    conftest.c  >&5
configure:4822: $? = 0
configure:4839: result: none required
configure:4858: checking for SSL_set_tlsext_host_name
configure:4871: gcc -o conftest -g -O2 -Wall    conftest.c  -lssl -lcrypto >&5
conftest.c: In function 'main':
conftest.c:36: warning: 'SSL_ctrl' is deprecated (declared at /usr/include/openssl/ssl.h:1496)
configure:4871: $? = 0
configure:4872: result: yes
configure:5025: creating ./config.status

## ---------------------- ##
## Running config.status. ##
## ---------------------- ##

This file was extended by config.status, which was
generated by GNU Autoconf 2.69.  Invocation command line was

  CONFIG_FILES    = 
  CONFIG_HEADERS  = 
  CONFIG_LINKS    = 
  CONFIG_COMMANDS = 
  $ ./config.status 

on mhillick-rdub.local

config.status:826: creating Makefile
config.status:826: creating ../tests/Makefile
config.status:826: creating ../include/nsock_config.h

## ---------------- ##
## Cache variables. ##
## ---------------- ##

ac_cv_build=x86_64-apple-darwin12.5.0
ac_cv_c_compiler_gnu=yes
ac_cv_env_CC_set=
ac_cv_env_CC_value=
ac_cv_env_CFLAGS_set=
ac_cv_env_CFLAGS_value=
ac_cv_env_CPPFLAGS_set=
ac_cv_env_CPPFLAGS_value=
ac_cv_env_CPP_set=
ac_cv_env_CPP_value=
ac_cv_env_LDFLAGS_set=
ac_cv_env_LDFLAGS_value=
ac_cv_env_LIBS_set=
ac_cv_env_LIBS_value=
ac_cv_env_build_alias_set=
ac_cv_env_build_alias_value=
ac_cv_env_host_alias_set=
ac_cv_env_host_alias_value=
ac_cv_env_target_alias_set=
ac_cv_env_target_alias_value=
ac_cv_func_gethostent=yes
ac_cv_func_kevent=yes
ac_cv_func_kqueue=yes
ac_cv_func_nanosleep=yes
ac_cv_func_setsockopt=yes
ac_cv_header_inttypes_h=yes
ac_cv_header_linux_version_h=no
ac_cv_header_memory_h=yes
ac_cv_header_net_bpf_h=yes
ac_cv_header_netdb_h=yes
ac_cv_header_openssl_ssl_h=yes
ac_cv_header_pcap_h=yes
ac_cv_header_stdc=yes
ac_cv_header_stdint_h=yes
ac_cv_header_stdlib_h=yes
ac_cv_header_string_h=yes
ac_cv_header_strings_h=yes
ac_cv_header_sys_ioctl_h=yes
ac_cv_header_sys_stat_h=yes
ac_cv_header_sys_types_h=yes
ac_cv_header_sys_un_h=yes
ac_cv_header_unistd_h=yes
ac_cv_host=x86_64-apple-darwin12.5.0
ac_cv_lib_crypto_BIO_int_ctrl=yes
ac_cv_lib_ssl_SSL_new=yes
ac_cv_objext=o
ac_cv_path_EGREP='/usr/bin/grep -E'
ac_cv_path_GREP=/usr/bin/grep
ac_cv_prog_CPP='gcc -E'
ac_cv_prog_ac_ct_CC=gcc
ac_cv_prog_ac_ct_RANLIB=ranlib
ac_cv_prog_cc_c89=
ac_cv_prog_cc_g=yes
ac_cv_search_dlopen='none required'
ax_cv_have_epoll=no
ax_cv_have_poll=yes

## ----------------- ##
## Output variables. ##
## ----------------- ##

CC='gcc'
CFLAGS='-g -O2 -Wall '
CPP='gcc -E'
CPPFLAGS=' -I/Users/mhillick/git/scripts/nmap/nmap/nbase'
DEFS='-DHAVE_CONFIG_H'
ECHO_C='\c'
ECHO_N=''
ECHO_T=''
EGREP='/usr/bin/grep -E'
EXEEXT=''
GREP='/usr/bin/grep'
LDFLAGS=' -L/Users/mhillick/git/scripts/nmap/nmap/nbase'
LIBNBASE_LIBS=' -lssl -lcrypto -lnbase'
LIBOBJS=''
LIBPCAP_LIBS=''
LIBS=' -lssl -lcrypto'
LTLIBOBJS=''
NBASEDIR='/Users/mhillick/git/scripts/nmap/nmap/nbase'
NSOCKTESTDIR='../tests'
OBJEXT='o'
OPENSSL_LIBS='-lssl -lcrypto'
PACKAGE_BUGREPORT=''
PACKAGE_NAME=''
PACKAGE_STRING=''
PACKAGE_TARNAME=''
PACKAGE_URL=''
PACKAGE_VERSION=''
PATH_SEPARATOR=':'
RANLIB='ranlib'
SHELL='/bin/sh'
ac_ct_CC='gcc'
bindir='${exec_prefix}/bin'
build='x86_64-apple-darwin12.5.0'
build_alias=''
build_cpu='x86_64'
build_os='darwin12.5.0'
build_vendor='apple'
datadir='${datarootdir}'
datarootdir='${prefix}/share'
docdir='${datarootdir}/doc/${PACKAGE}'
dvidir='${docdir}'
exec_prefix='${prefix}'
host='x86_64-apple-darwin12.5.0'
host_alias=''
host_cpu='x86_64'
host_os='darwin12.5.0'
host_vendor='apple'
htmldir='${docdir}'
includedir='${prefix}/include'
infodir='${datarootdir}/info'
libdir='${exec_prefix}/lib'
libexecdir='${exec_prefix}/libexec'
localedir='${datarootdir}/locale'
localstatedir='${prefix}/var'
mandir='${datarootdir}/man'
oldincludedir='/usr/include'
pdfdir='${docdir}'
prefix='/usr/local'
program_transform_name='s,x,x,'
psdir='${docdir}'
sbindir='${exec_prefix}/sbin'
sharedstatedir='${prefix}/com'
sysconfdir='${prefix}/etc'
target_alias=''

## ----------- ##
## confdefs.h. ##
## ----------- ##

/* confdefs.h */
#define PACKAGE_NAME ""
#define PACKAGE_TARNAME ""
#define PACKAGE_VERSION ""
#define PACKAGE_STRING ""
#define PACKAGE_BUGREPORT ""
#define PACKAGE_URL ""
#define MACOSX 1
#define STDC_HEADERS 1
#define HAVE_SYS_TYPES_H 1
#define HAVE_SYS_STAT_H 1
#define HAVE_STDLIB_H 1
#define HAVE_STRING_H 1
#define HAVE_MEMORY_H 1
#define HAVE_STRINGS_H 1
#define HAVE_INTTYPES_H 1
#define HAVE_STDINT_H 1
#define HAVE_UNISTD_H 1
#define HAVE_PCAP 1
#define HAVE_POLL 1
#define HAVE_KQUEUE 1
#define HAVE_KQUEUE 1
#define HAVE_KEVENT 1
#define HAVE_KQUEUE 1
#define STDC_HEADERS 1
#define HAVE_NET_BPF_H 1
#define HAVE_SYS_IOCTL_H 1
#define HAVE_SYS_UN_H 1
#define HAVE_NETDB_H 1
#define HAVE_OPENSSL 1
#define HAVE_SSL_SET_TLSEXT_HOST_NAME 1

configure: exit 0
