This file contains any messages produced by compilers while
running configure, to aid debugging if configure makes a mistake.

It was created by configure, which was
generated by GNU Autoconf 2.69.  Invocation command line was

  $ ./configure 

## --------- ##
## Platform. ##
## --------- ##

hostname = mhillick-rdub.local
uname -m = x86_64
uname -r = 12.5.0
uname -s = Darwin
uname -v = Darwin Kernel Version 12.5.0: Sun Sep 29 13:33:47 PDT 2013; root:xnu-2050.48.12~1/RELEASE_X86_64

/usr/bin/uname -p = i386
/bin/uname -X     = unknown

/bin/arch              = unknown
/usr/bin/arch -k       = unknown
/usr/convex/getsysinfo = unknown
/usr/bin/hostinfo      = Mach kernel version:
	 Darwin Kernel Version 12.5.0: Sun Sep 29 13:33:47 PDT 2013; root:xnu-2050.48.12~1/RELEASE_X86_64
Kernel configured for up to 8 processors.
4 processors are physically available.
8 processors are logically available.
Processor type: i486 (Intel 80486)
Processors active: 0 1 2 3 4 5 6 7
Primary memory available: 16.00 gigabytes
Default processor set: 222 tasks, 1603 threads, 8 processors
Load average: 2.16, Mach factor: 5.83
/bin/machine           = unknown
/usr/bin/oslevel       = unknown
/bin/universe          = unknown

PATH: /Users/mhillick/bin
PATH: ./.bundle/bin
PATH: /Users/mhillick/.rbenv/shims
PATH: /Users/mhillick/.rbenv/bin
PATH: /usr/bin
PATH: /bin
PATH: /usr/sbin
PATH: /sbin
PATH: /usr/local/bin
PATH: /opt/X11/bin
PATH: /usr/local/MacGPG2/bin


## ----------- ##
## Core tests. ##
## ----------- ##

configure:2385: checking whether NLS is requested
configure:2394: result: yes
configure:2472: checking build system type
configure:2486: result: x86_64-apple-darwin12.5.0
configure:2506: checking host system type
configure:2519: result: x86_64-apple-darwin12.5.0
configure:2587: checking for gcc
configure:2603: found /usr/bin/gcc
configure:2614: result: gcc
configure:2843: checking for C compiler version
configure:2852: gcc --version >&5
i686-apple-darwin11-llvm-gcc-4.2 (GCC) 4.2.1 (Based on Apple Inc. build 5658) (LLVM build 2336.11.00)
Copyright (C) 2007 Free Software Foundation, Inc.
This is free software; see the source for copying conditions.  There is NO
warranty; not even for MERCHANTABILITY or FITNESS FOR A PARTICULAR PURPOSE.

configure:2863: $? = 0
configure:2852: gcc -v >&5
Using built-in specs.
Target: i686-apple-darwin11
Configured with: /private/var/tmp/llvmgcc42/llvmgcc42-2336.11~182/src/configure --disable-checking --enable-werror --prefix=/Applications/Xcode.app/Contents/Developer/usr/llvm-gcc-4.2 --mandir=/share/man --enable-languages=c,objc,c++,obj-c++ --program-prefix=llvm- --program-transform-name=/^[cg][^.-]*$/s/$/-4.2/ --with-slibdir=/usr/lib --build=i686-apple-darwin11 --enable-llvm=/private/var/tmp/llvmgcc42/llvmgcc42-2336.11~182/dst-llvmCore/Developer/usr/local --program-prefix=i686-apple-darwin11- --host=x86_64-apple-darwin11 --target=i686-apple-darwin11 --with-gxx-include-dir=/usr/include/c++/4.2.1
Thread model: posix
gcc version 4.2.1 (Based on Apple Inc. build 5658) (LLVM build 2336.11.00)
configure:2863: $? = 0
configure:2852: gcc -V >&5
llvm-gcc-4.2: argument to `-V' is missing
configure:2863: $? = 1
configure:2852: gcc -qversion >&5
i686-apple-darwin11-llvm-gcc-4.2: no input files
configure:2863: $? = 1
configure:2883: checking whether the C compiler works
configure:2905: gcc    conftest.c  >&5
configure:2909: $? = 0
configure:2957: result: yes
configure:2960: checking for C compiler default output file name
configure:2962: result: a.out
configure:2968: checking for suffix of executables
configure:2975: gcc -o conftest    conftest.c  >&5
configure:2979: $? = 0
configure:3001: result: 
configure:3023: checking whether we are cross compiling
configure:3031: gcc -o conftest    conftest.c  >&5
configure:3035: $? = 0
configure:3042: ./conftest
configure:3046: $? = 0
configure:3061: result: no
configure:3066: checking for suffix of object files
configure:3088: gcc -c   conftest.c >&5
configure:3092: $? = 0
configure:3113: result: o
configure:3117: checking whether we are using the GNU C compiler
configure:3136: gcc -c   conftest.c >&5
configure:3136: $? = 0
configure:3145: result: yes
configure:3154: checking whether gcc accepts -g
configure:3174: gcc -c -g  conftest.c >&5
configure:3174: $? = 0
configure:3215: result: yes
configure:3232: checking for gcc option to accept ISO C89
configure:3295: gcc  -c -g -O2  conftest.c >&5
configure:3295: $? = 0
configure:3308: result: none needed
configure:3329: checking for inline
configure:3345: gcc -c -g -O2  conftest.c >&5
configure:3345: $? = 0
configure:3353: result: inline
configure:3420: checking for gcc
configure:3447: result: gcc
configure:3676: checking for C compiler version
configure:3685: gcc --version >&5
i686-apple-darwin11-llvm-gcc-4.2 (GCC) 4.2.1 (Based on Apple Inc. build 5658) (LLVM build 2336.11.00)
Copyright (C) 2007 Free Software Foundation, Inc.
This is free software; see the source for copying conditions.  There is NO
warranty; not even for MERCHANTABILITY or FITNESS FOR A PARTICULAR PURPOSE.

configure:3696: $? = 0
configure:3685: gcc -v >&5
Using built-in specs.
Target: i686-apple-darwin11
Configured with: /private/var/tmp/llvmgcc42/llvmgcc42-2336.11~182/src/configure --disable-checking --enable-werror --prefix=/Applications/Xcode.app/Contents/Developer/usr/llvm-gcc-4.2 --mandir=/share/man --enable-languages=c,objc,c++,obj-c++ --program-prefix=llvm- --program-transform-name=/^[cg][^.-]*$/s/$/-4.2/ --with-slibdir=/usr/lib --build=i686-apple-darwin11 --enable-llvm=/private/var/tmp/llvmgcc42/llvmgcc42-2336.11~182/dst-llvmCore/Developer/usr/local --program-prefix=i686-apple-darwin11- --host=x86_64-apple-darwin11 --target=i686-apple-darwin11 --with-gxx-include-dir=/usr/include/c++/4.2.1
Thread model: posix
gcc version 4.2.1 (Based on Apple Inc. build 5658) (LLVM build 2336.11.00)
configure:3696: $? = 0
configure:3685: gcc -V >&5
llvm-gcc-4.2: argument to `-V' is missing
configure:3696: $? = 1
configure:3685: gcc -qversion >&5
i686-apple-darwin11-llvm-gcc-4.2: no input files
configure:3696: $? = 1
configure:3700: checking whether we are using the GNU C compiler
configure:3728: result: yes
configure:3737: checking whether gcc accepts -g
configure:3798: result: yes
configure:3815: checking for gcc option to accept ISO C89
configure:3891: result: none needed
configure:3969: checking for g++
configure:3985: found /usr/bin/g++
configure:3996: result: g++
configure:4023: checking for C++ compiler version
configure:4032: g++ --version >&5
i686-apple-darwin11-llvm-g++-4.2 (GCC) 4.2.1 (Based on Apple Inc. build 5658) (LLVM build 2336.11.00)
Copyright (C) 2007 Free Software Foundation, Inc.
This is free software; see the source for copying conditions.  There is NO
warranty; not even for MERCHANTABILITY or FITNESS FOR A PARTICULAR PURPOSE.

configure:4043: $? = 0
configure:4032: g++ -v >&5
Using built-in specs.
Target: i686-apple-darwin11
Configured with: /private/var/tmp/llvmgcc42/llvmgcc42-2336.11~182/src/configure --disable-checking --enable-werror --prefix=/Applications/Xcode.app/Contents/Developer/usr/llvm-gcc-4.2 --mandir=/share/man --enable-languages=c,objc,c++,obj-c++ --program-prefix=llvm- --program-transform-name=/^[cg][^.-]*$/s/$/-4.2/ --with-slibdir=/usr/lib --build=i686-apple-darwin11 --enable-llvm=/private/var/tmp/llvmgcc42/llvmgcc42-2336.11~182/dst-llvmCore/Developer/usr/local --program-prefix=i686-apple-darwin11- --host=x86_64-apple-darwin11 --target=i686-apple-darwin11 --with-gxx-include-dir=/usr/include/c++/4.2.1
Thread model: posix
gcc version 4.2.1 (Based on Apple Inc. build 5658) (LLVM build 2336.11.00)
configure:4043: $? = 0
configure:4032: g++ -V >&5
llvm-g++-4.2: argument to `-V' is missing
configure:4043: $? = 1
configure:4032: g++ -qversion >&5
i686-apple-darwin11-llvm-g++-4.2: no input files
configure:4043: $? = 1
configure:4047: checking whether we are using the GNU C++ compiler
configure:4066: g++ -c   conftest.cpp >&5
configure:4066: $? = 0
configure:4075: result: yes
configure:4084: checking whether g++ accepts -g
configure:4104: g++ -c -g  conftest.cpp >&5
configure:4104: $? = 0
configure:4145: result: yes
configure:4211: checking for ranlib
configure:4227: found /usr/bin/ranlib
configure:4238: result: ranlib
configure:4274: checking for a BSD-compatible install
configure:4342: result: /usr/bin/install -c
configure:4361: checking for __func__
configure:4376: gcc -c -g -O2  conftest.c >&5
configure:4376: $? = 0
configure:4383: result: yes
configure:4468: checking for strip
configure:4486: found /usr/bin/strip
configure:4498: result: /usr/bin/strip
configure:4807: checking for main in -lm
configure:4826: gcc -o conftest -g -O2   conftest.c -lm   >&5
configure:4826: $? = 0
configure:4835: result: yes
configure:4858: checking how to run the C preprocessor
configure:4889: gcc -E  conftest.c
configure:4889: $? = 0
configure:4903: gcc -E  conftest.c
conftest.c:11:28: error: ac_nonexistent.h: No such file or directory
configure:4903: $? = 1
configure: failed program was:
| /* confdefs.h */
| #define PACKAGE_NAME ""
| #define PACKAGE_TARNAME ""
| #define PACKAGE_VERSION ""
| #define PACKAGE_STRING ""
| #define PACKAGE_BUGREPORT ""
| #define PACKAGE_URL ""
| #define MACOSX 1
| #define HAVE_LIBM 1
| /* end confdefs.h.  */
| #include <ac_nonexistent.h>
configure:4928: result: gcc -E
configure:4948: gcc -E  conftest.c
configure:4948: $? = 0
configure:4962: gcc -E  conftest.c
conftest.c:11:28: error: ac_nonexistent.h: No such file or directory
configure:4962: $? = 1
configure: failed program was:
| /* confdefs.h */
| #define PACKAGE_NAME ""
| #define PACKAGE_TARNAME ""
| #define PACKAGE_VERSION ""
| #define PACKAGE_STRING ""
| #define PACKAGE_BUGREPORT ""
| #define PACKAGE_URL ""
| #define MACOSX 1
| #define HAVE_LIBM 1
| /* end confdefs.h.  */
| #include <ac_nonexistent.h>
configure:4991: checking for grep that handles long lines and -e
configure:5049: result: /usr/bin/grep
configure:5054: checking for egrep
configure:5116: result: /usr/bin/grep -E
configure:5121: checking for ANSI C header files
configure:5141: gcc -c -g -O2  conftest.c >&5
configure:5141: $? = 0
configure:5214: gcc -o conftest -g -O2   conftest.c -lm  >&5
configure:5214: $? = 0
configure:5214: ./conftest
configure:5214: $? = 0
configure:5225: result: yes
configure:5238: checking for sys/types.h
configure:5238: gcc -c -g -O2  conftest.c >&5
configure:5238: $? = 0
configure:5238: result: yes
configure:5238: checking for sys/stat.h
configure:5238: gcc -c -g -O2  conftest.c >&5
configure:5238: $? = 0
configure:5238: result: yes
configure:5238: checking for stdlib.h
configure:5238: gcc -c -g -O2  conftest.c >&5
configure:5238: $? = 0
configure:5238: result: yes
configure:5238: checking for string.h
configure:5238: gcc -c -g -O2  conftest.c >&5
configure:5238: $? = 0
configure:5238: result: yes
configure:5238: checking for memory.h
configure:5238: gcc -c -g -O2  conftest.c >&5
configure:5238: $? = 0
configure:5238: result: yes
configure:5238: checking for strings.h
configure:5238: gcc -c -g -O2  conftest.c >&5
configure:5238: $? = 0
configure:5238: result: yes
configure:5238: checking for inttypes.h
configure:5238: gcc -c -g -O2  conftest.c >&5
configure:5238: $? = 0
configure:5238: result: yes
configure:5238: checking for stdint.h
configure:5238: gcc -c -g -O2  conftest.c >&5
configure:5238: $? = 0
configure:5238: result: yes
configure:5238: checking for unistd.h
configure:5238: gcc -c -g -O2  conftest.c >&5
configure:5238: $? = 0
configure:5238: result: yes
configure:5253: checking pwd.h usability
configure:5253: gcc -c -g -O2  conftest.c >&5
configure:5253: $? = 0
configure:5253: result: yes
configure:5253: checking pwd.h presence
configure:5253: gcc -E  conftest.c
configure:5253: $? = 0
configure:5253: result: yes
configure:5253: checking for pwd.h
configure:5253: result: yes
configure:5253: checking termios.h usability
configure:5253: gcc -c -g -O2  conftest.c >&5
configure:5253: $? = 0
configure:5253: result: yes
configure:5253: checking termios.h presence
configure:5253: gcc -E  conftest.c
configure:5253: $? = 0
configure:5253: result: yes
configure:5253: checking for termios.h
configure:5253: result: yes
configure:5253: checking sys/sockio.h usability
configure:5253: gcc -c -g -O2  conftest.c >&5
configure:5253: $? = 0
configure:5253: result: yes
configure:5253: checking sys/sockio.h presence
configure:5253: gcc -E  conftest.c
configure:5253: $? = 0
configure:5253: result: yes
configure:5253: checking for sys/sockio.h
configure:5253: result: yes
configure:5265: checking for linux/rtnetlink.h
configure:5265: gcc -c -g -O2  conftest.c >&5
conftest.c:26:29: error: linux/rtnetlink.h: No such file or directory
configure:5265: $? = 1
configure: failed program was:
| /* confdefs.h */
| #define PACKAGE_NAME ""
| #define PACKAGE_TARNAME ""
| #define PACKAGE_VERSION ""
| #define PACKAGE_STRING ""
| #define PACKAGE_BUGREPORT ""
| #define PACKAGE_URL ""
| #define MACOSX 1
| #define HAVE_LIBM 1
| #define STDC_HEADERS 1
| #define HAVE_SYS_TYPES_H 1
| #define HAVE_SYS_STAT_H 1
| #define HAVE_STDLIB_H 1
| #define HAVE_STRING_H 1
| #define HAVE_MEMORY_H 1
| #define HAVE_STRINGS_H 1
| #define HAVE_INTTYPES_H 1
| #define HAVE_STDINT_H 1
| #define HAVE_UNISTD_H 1
| #define HAVE_PWD_H 1
| #define HAVE_TERMIOS_H 1
| #define HAVE_SYS_SOCKIO_H 1
| /* end confdefs.h.  */
| #include <netinet/in.h>
| 
| #include <linux/rtnetlink.h>
configure:5265: result: no
configure:5278: checking sys/socket.h usability
configure:5278: gcc -c -g -O2  conftest.c >&5
configure:5278: $? = 0
configure:5278: result: yes
configure:5278: checking sys/socket.h presence
configure:5278: gcc -E  conftest.c
configure:5278: $? = 0
configure:5278: result: yes
configure:5278: checking for sys/socket.h
configure:5278: result: yes
configure:5290: checking for net/if.h
configure:5290: gcc -c -g -O2  conftest.c >&5
configure:5290: $? = 0
configure:5290: result: yes
configure:5314: checking for library containing setsockopt
configure:5345: gcc -o conftest -g -O2   conftest.c -lm  >&5
configure:5345: $? = 0
configure:5362: result: none required
configure:5370: checking for library containing gethostbyname
configure:5401: gcc -o conftest -g -O2   conftest.c -lm  >&5
configure:5401: $? = 0
configure:5418: result: none required
configure:5428: checking if AF_INET6 IPPROTO_RAW sockets include the packet header
configure:5439: result: no
configure:5491: checking for a Python interpreter with version >= 2.4
configure:5508: python -c import sys # split strings by '.' and convert to numeric. Append some zeros # because we need at least 4 digits for the hex conversion. # map returns an iterator in Python 3.0 and a list in 2.x minver = list(map(int, '2.4'.split('.'))) + [0, 0, 0] minverhex = 0 # xrange is not present in Python 3.0 and range returns an iterator for i in list(range(0, 4)): minverhex = (minverhex << 8) + minver[i] sys.exit(sys.hexversion < minverhex)
configure:5511: $? = 0
configure:5517: result: python
configure:5525: checking for python
configure:5543: found /usr/bin/python
configure:5555: result: /usr/bin/python
configure:5582: checking for python version
configure:5589: result: 2.7
configure:5601: checking for python platform
configure:5608: result: darwin
configure:5615: checking for python script directory
configure:5643: result: ${prefix}/lib/python2.7/site-packages
configure:5652: checking for python extension module directory
configure:5680: result: ${exec_prefix}/lib/python2.7/site-packages
configure:5735: checking whether /usr/bin/python version >= 2.4
configure:5746: /usr/bin/python -c import sys # split strings by '.' and convert to numeric. Append some zeros # because we need at least 4 digits for the hex conversion. # map returns an iterator in Python 3.0 and a list in 2.x minver = list(map(int, '2.4'.split('.'))) + [0, 0, 0] minverhex = 0 # xrange is not present in Python 3.0 and range returns an iterator for i in list(range(0, 4)): minverhex = (minverhex << 8) + minver[i] sys.exit(sys.hexversion < minverhex)
configure:5749: $? = 0
configure:5751: result: yes
configure:5851: checking for /usr/bin/python version
configure:5858: result: 2.7
configure:5870: checking for /usr/bin/python platform
configure:5877: result: darwin
configure:5884: checking for /usr/bin/python script directory
configure:5912: result: ${prefix}/lib/python2.7/site-packages
configure:5921: checking for /usr/bin/python extension module directory
configure:5949: result: ${exec_prefix}/lib/python2.7/site-packages
configure:6046: checking openssl/ssl.h usability
configure:6046: gcc -c -g -O2  conftest.c >&5
configure:6046: $? = 0
configure:6046: result: yes
configure:6046: checking openssl/ssl.h presence
configure:6046: gcc -E  conftest.c
configure:6046: $? = 0
configure:6046: result: yes
configure:6046: checking for openssl/ssl.h
configure:6046: result: yes
configure:6063: checking for BIO_int_ctrl in -lcrypto
configure:6088: gcc -o conftest -g -O2   conftest.c -lcrypto  -lm  >&5
configure:6088: $? = 0
configure:6097: result: yes
configure:6114: checking for SSL_new in -lssl
configure:6139: gcc -o conftest -g -O2   conftest.c -lssl  -lcrypto  -lm  >&5
configure:6139: $? = 0
configure:6148: result: yes
configure:6183: checking pcap.h usability
configure:6183: gcc -c -g -O2  conftest.c >&5
configure:6183: $? = 0
configure:6183: result: yes
configure:6183: checking pcap.h presence
configure:6183: gcc -E  conftest.c
configure:6183: $? = 0
configure:6183: result: yes
configure:6183: checking for pcap.h
configure:6183: result: yes
configure:6186: checking for pcap_datalink in -lpcap
configure:6211: gcc -o conftest -g -O2   conftest.c -lpcap  -lm  >&5
configure:6211: $? = 0
configure:6220: result: yes
configure:6314: checking sys/ioccom.h usability
configure:6314: gcc -c -g -O2  conftest.c >&5
configure:6314: $? = 0
configure:6314: result: yes
configure:6314: checking sys/ioccom.h presence
configure:6314: gcc -E  conftest.c
configure:6314: $? = 0
configure:6314: result: yes
configure:6314: checking for sys/ioccom.h
configure:6314: result: yes
configure:6314: checking sys/time.h usability
configure:6314: gcc -c -g -O2  conftest.c >&5
configure:6314: $? = 0
configure:6314: result: yes
configure:6314: checking sys/time.h presence
configure:6314: gcc -E  conftest.c
configure:6314: $? = 0
configure:6314: result: yes
configure:6314: checking for sys/time.h
configure:6314: result: yes
configure:6314: checking net/bpf.h usability
configure:6314: gcc -c -g -O2  conftest.c >&5
configure:6314: $? = 0
configure:6314: result: yes
configure:6314: checking net/bpf.h presence
configure:6314: gcc -E  conftest.c
configure:6314: $? = 0
configure:6314: result: yes
configure:6314: checking for net/bpf.h
configure:6314: result: yes
configure:6324: checking if libpcap is suitable
configure:6348: gcc -o conftest -g -O2   conftest.c -lm  -lpcap >&5
configure:6348: $? = 0
configure:6348: ./conftest
configure:6348: $? = 0
configure:6386: gcc -o conftest -g -O2   conftest.c -lm  -lpcap >&5
configure:6386: $? = 0
configure:6386: ./conftest
configure:6386: $? = 0
configure:6388: checking whether pcap_get_selectable_fd is declared
configure:6388: gcc -c -g -O2  conftest.c >&5
configure:6388: $? = 0
configure:6388: result: yes
configure:6391: result: yes
configure:6535: checking pcre.h usability
configure:6535: gcc -c -g -O2  conftest.c >&5
conftest.c:64:18: error: pcre.h: No such file or directory
configure:6535: $? = 1
configure: failed program was:
| /* confdefs.h */
| #define PACKAGE_NAME ""
| #define PACKAGE_TARNAME ""
| #define PACKAGE_VERSION ""
| #define PACKAGE_STRING ""
| #define PACKAGE_BUGREPORT ""
| #define PACKAGE_URL ""
| #define MACOSX 1
| #define HAVE_LIBM 1
| #define STDC_HEADERS 1
| #define HAVE_SYS_TYPES_H 1
| #define HAVE_SYS_STAT_H 1
| #define HAVE_STDLIB_H 1
| #define HAVE_STRING_H 1
| #define HAVE_MEMORY_H 1
| #define HAVE_STRINGS_H 1
| #define HAVE_INTTYPES_H 1
| #define HAVE_STDINT_H 1
| #define HAVE_UNISTD_H 1
| #define HAVE_PWD_H 1
| #define HAVE_TERMIOS_H 1
| #define HAVE_SYS_SOCKIO_H 1
| #define HAVE_SYS_SOCKET_H 1
| #define HAVE_NET_IF_H 1
| #define HAVE_OPENSSL 1
| #define HAVE_SYS_IOCCOM_H 1
| #define HAVE_SYS_TIME_H 1
| #define HAVE_NET_BPF_H 1
| #define HAVE_LIBPCAP 1
| /* end confdefs.h.  */
| #include <stdio.h>
| #ifdef HAVE_SYS_TYPES_H
| # include <sys/types.h>
| #endif
| #ifdef HAVE_SYS_STAT_H
| # include <sys/stat.h>
| #endif
| #ifdef STDC_HEADERS
| # include <stdlib.h>
| # include <stddef.h>
| #else
| # ifdef HAVE_STDLIB_H
| #  include <stdlib.h>
| # endif
| #endif
| #ifdef HAVE_STRING_H
| # if !defined STDC_HEADERS && defined HAVE_MEMORY_H
| #  include <memory.h>
| # endif
| # include <string.h>
| #endif
| #ifdef HAVE_STRINGS_H
| # include <strings.h>
| #endif
| #ifdef HAVE_INTTYPES_H
| # include <inttypes.h>
| #endif
| #ifdef HAVE_STDINT_H
| # include <stdint.h>
| #endif
| #ifdef HAVE_UNISTD_H
| # include <unistd.h>
| #endif
| #include <pcre.h>
configure:6535: result: no
configure:6535: checking pcre.h presence
configure:6535: gcc -E  conftest.c
conftest.c:31:18: error: pcre.h: No such file or directory
configure:6535: $? = 1
configure: failed program was:
| /* confdefs.h */
| #define PACKAGE_NAME ""
| #define PACKAGE_TARNAME ""
| #define PACKAGE_VERSION ""
| #define PACKAGE_STRING ""
| #define PACKAGE_BUGREPORT ""
| #define PACKAGE_URL ""
| #define MACOSX 1
| #define HAVE_LIBM 1
| #define STDC_HEADERS 1
| #define HAVE_SYS_TYPES_H 1
| #define HAVE_SYS_STAT_H 1
| #define HAVE_STDLIB_H 1
| #define HAVE_STRING_H 1
| #define HAVE_MEMORY_H 1
| #define HAVE_STRINGS_H 1
| #define HAVE_INTTYPES_H 1
| #define HAVE_STDINT_H 1
| #define HAVE_UNISTD_H 1
| #define HAVE_PWD_H 1
| #define HAVE_TERMIOS_H 1
| #define HAVE_SYS_SOCKIO_H 1
| #define HAVE_SYS_SOCKET_H 1
| #define HAVE_NET_IF_H 1
| #define HAVE_OPENSSL 1
| #define HAVE_SYS_IOCCOM_H 1
| #define HAVE_SYS_TIME_H 1
| #define HAVE_NET_BPF_H 1
| #define HAVE_LIBPCAP 1
| /* end confdefs.h.  */
| #include <pcre.h>
configure:6535: result: no
configure:6535: checking for pcre.h
configure:6535: result: no
configure:6578: checking pcre/pcre.h usability
configure:6578: gcc -c -g -O2  conftest.c >&5
conftest.c:64:23: error: pcre/pcre.h: No such file or directory
configure:6578: $? = 1
configure: failed program was:
| /* confdefs.h */
| #define PACKAGE_NAME ""
| #define PACKAGE_TARNAME ""
| #define PACKAGE_VERSION ""
| #define PACKAGE_STRING ""
| #define PACKAGE_BUGREPORT ""
| #define PACKAGE_URL ""
| #define MACOSX 1
| #define HAVE_LIBM 1
| #define STDC_HEADERS 1
| #define HAVE_SYS_TYPES_H 1
| #define HAVE_SYS_STAT_H 1
| #define HAVE_STDLIB_H 1
| #define HAVE_STRING_H 1
| #define HAVE_MEMORY_H 1
| #define HAVE_STRINGS_H 1
| #define HAVE_INTTYPES_H 1
| #define HAVE_STDINT_H 1
| #define HAVE_UNISTD_H 1
| #define HAVE_PWD_H 1
| #define HAVE_TERMIOS_H 1
| #define HAVE_SYS_SOCKIO_H 1
| #define HAVE_SYS_SOCKET_H 1
| #define HAVE_NET_IF_H 1
| #define HAVE_OPENSSL 1
| #define HAVE_SYS_IOCCOM_H 1
| #define HAVE_SYS_TIME_H 1
| #define HAVE_NET_BPF_H 1
| #define HAVE_LIBPCAP 1
| /* end confdefs.h.  */
| #include <stdio.h>
| #ifdef HAVE_SYS_TYPES_H
| # include <sys/types.h>
| #endif
| #ifdef HAVE_SYS_STAT_H
| # include <sys/stat.h>
| #endif
| #ifdef STDC_HEADERS
| # include <stdlib.h>
| # include <stddef.h>
| #else
| # ifdef HAVE_STDLIB_H
| #  include <stdlib.h>
| # endif
| #endif
| #ifdef HAVE_STRING_H
| # if !defined STDC_HEADERS && defined HAVE_MEMORY_H
| #  include <memory.h>
| # endif
| # include <string.h>
| #endif
| #ifdef HAVE_STRINGS_H
| # include <strings.h>
| #endif
| #ifdef HAVE_INTTYPES_H
| # include <inttypes.h>
| #endif
| #ifdef HAVE_STDINT_H
| # include <stdint.h>
| #endif
| #ifdef HAVE_UNISTD_H
| # include <unistd.h>
| #endif
| #include <pcre/pcre.h>
configure:6578: result: no
configure:6578: checking pcre/pcre.h presence
configure:6578: gcc -E  conftest.c
conftest.c:31:23: error: pcre/pcre.h: No such file or directory
configure:6578: $? = 1
configure: failed program was:
| /* confdefs.h */
| #define PACKAGE_NAME ""
| #define PACKAGE_TARNAME ""
| #define PACKAGE_VERSION ""
| #define PACKAGE_STRING ""
| #define PACKAGE_BUGREPORT ""
| #define PACKAGE_URL ""
| #define MACOSX 1
| #define HAVE_LIBM 1
| #define STDC_HEADERS 1
| #define HAVE_SYS_TYPES_H 1
| #define HAVE_SYS_STAT_H 1
| #define HAVE_STDLIB_H 1
| #define HAVE_STRING_H 1
| #define HAVE_MEMORY_H 1
| #define HAVE_STRINGS_H 1
| #define HAVE_INTTYPES_H 1
| #define HAVE_STDINT_H 1
| #define HAVE_UNISTD_H 1
| #define HAVE_PWD_H 1
| #define HAVE_TERMIOS_H 1
| #define HAVE_SYS_SOCKIO_H 1
| #define HAVE_SYS_SOCKET_H 1
| #define HAVE_NET_IF_H 1
| #define HAVE_OPENSSL 1
| #define HAVE_SYS_IOCCOM_H 1
| #define HAVE_SYS_TIME_H 1
| #define HAVE_NET_BPF_H 1
| #define HAVE_LIBPCAP 1
| /* end confdefs.h.  */
| #include <pcre/pcre.h>
configure:6578: result: no
configure:6578: checking for pcre/pcre.h
configure:6578: result: no
configure:6761: checking for library containing dlopen
configure:6792: gcc -o conftest -g -O2 -I$(top_srcdir)/libdnet-stripped/include -I$(top_srcdir)/libpcre   conftest.c -lm  >&5
configure:6792: $? = 0
configure:6809: result: none required
configure:6835: checking lua.h usability
configure:6835: gcc -c -g -O2 -I$(top_srcdir)/libdnet-stripped/include -I$(top_srcdir)/libpcre  conftest.c >&5
conftest.c:66:17: error: lua.h: No such file or directory
configure:6835: $? = 1
configure: failed program was:
| /* confdefs.h */
| #define PACKAGE_NAME ""
| #define PACKAGE_TARNAME ""
| #define PACKAGE_VERSION ""
| #define PACKAGE_STRING ""
| #define PACKAGE_BUGREPORT ""
| #define PACKAGE_URL ""
| #define MACOSX 1
| #define HAVE_LIBM 1
| #define STDC_HEADERS 1
| #define HAVE_SYS_TYPES_H 1
| #define HAVE_SYS_STAT_H 1
| #define HAVE_STDLIB_H 1
| #define HAVE_STRING_H 1
| #define HAVE_MEMORY_H 1
| #define HAVE_STRINGS_H 1
| #define HAVE_INTTYPES_H 1
| #define HAVE_STDINT_H 1
| #define HAVE_UNISTD_H 1
| #define HAVE_PWD_H 1
| #define HAVE_TERMIOS_H 1
| #define HAVE_SYS_SOCKIO_H 1
| #define HAVE_SYS_SOCKET_H 1
| #define HAVE_NET_IF_H 1
| #define HAVE_OPENSSL 1
| #define HAVE_SYS_IOCCOM_H 1
| #define HAVE_SYS_TIME_H 1
| #define HAVE_NET_BPF_H 1
| #define HAVE_LIBPCAP 1
| #define PCRE_INCLUDED 1
| #define DNET_INCLUDED 1
| /* end confdefs.h.  */
| #include <stdio.h>
| #ifdef HAVE_SYS_TYPES_H
| # include <sys/types.h>
| #endif
| #ifdef HAVE_SYS_STAT_H
| # include <sys/stat.h>
| #endif
| #ifdef STDC_HEADERS
| # include <stdlib.h>
| # include <stddef.h>
| #else
| # ifdef HAVE_STDLIB_H
| #  include <stdlib.h>
| # endif
| #endif
| #ifdef HAVE_STRING_H
| # if !defined STDC_HEADERS && defined HAVE_MEMORY_H
| #  include <memory.h>
| # endif
| # include <string.h>
| #endif
| #ifdef HAVE_STRINGS_H
| # include <strings.h>
| #endif
| #ifdef HAVE_INTTYPES_H
| # include <inttypes.h>
| #endif
| #ifdef HAVE_STDINT_H
| # include <stdint.h>
| #endif
| #ifdef HAVE_UNISTD_H
| # include <unistd.h>
| #endif
| #include <lua.h>
configure:6835: result: no
configure:6835: checking lua.h presence
configure:6835: gcc -E -I$(top_srcdir)/libdnet-stripped/include -I$(top_srcdir)/libpcre  conftest.c
conftest.c:33:17: error: lua.h: No such file or directory
configure:6835: $? = 1
configure: failed program was:
| /* confdefs.h */
| #define PACKAGE_NAME ""
| #define PACKAGE_TARNAME ""
| #define PACKAGE_VERSION ""
| #define PACKAGE_STRING ""
| #define PACKAGE_BUGREPORT ""
| #define PACKAGE_URL ""
| #define MACOSX 1
| #define HAVE_LIBM 1
| #define STDC_HEADERS 1
| #define HAVE_SYS_TYPES_H 1
| #define HAVE_SYS_STAT_H 1
| #define HAVE_STDLIB_H 1
| #define HAVE_STRING_H 1
| #define HAVE_MEMORY_H 1
| #define HAVE_STRINGS_H 1
| #define HAVE_INTTYPES_H 1
| #define HAVE_STDINT_H 1
| #define HAVE_UNISTD_H 1
| #define HAVE_PWD_H 1
| #define HAVE_TERMIOS_H 1
| #define HAVE_SYS_SOCKIO_H 1
| #define HAVE_SYS_SOCKET_H 1
| #define HAVE_NET_IF_H 1
| #define HAVE_OPENSSL 1
| #define HAVE_SYS_IOCCOM_H 1
| #define HAVE_SYS_TIME_H 1
| #define HAVE_NET_BPF_H 1
| #define HAVE_LIBPCAP 1
| #define PCRE_INCLUDED 1
| #define DNET_INCLUDED 1
| /* end confdefs.h.  */
| #include <lua.h>
configure:6835: result: no
configure:6835: checking for lua.h
configure:6835: result: no
configure:6835: checking lua/lua.h usability
configure:6835: gcc -c -g -O2 -I$(top_srcdir)/libdnet-stripped/include -I$(top_srcdir)/libpcre  conftest.c >&5
conftest.c:66:21: error: lua/lua.h: No such file or directory
configure:6835: $? = 1
configure: failed program was:
| /* confdefs.h */
| #define PACKAGE_NAME ""
| #define PACKAGE_TARNAME ""
| #define PACKAGE_VERSION ""
| #define PACKAGE_STRING ""
| #define PACKAGE_BUGREPORT ""
| #define PACKAGE_URL ""
| #define MACOSX 1
| #define HAVE_LIBM 1
| #define STDC_HEADERS 1
| #define HAVE_SYS_TYPES_H 1
| #define HAVE_SYS_STAT_H 1
| #define HAVE_STDLIB_H 1
| #define HAVE_STRING_H 1
| #define HAVE_MEMORY_H 1
| #define HAVE_STRINGS_H 1
| #define HAVE_INTTYPES_H 1
| #define HAVE_STDINT_H 1
| #define HAVE_UNISTD_H 1
| #define HAVE_PWD_H 1
| #define HAVE_TERMIOS_H 1
| #define HAVE_SYS_SOCKIO_H 1
| #define HAVE_SYS_SOCKET_H 1
| #define HAVE_NET_IF_H 1
| #define HAVE_OPENSSL 1
| #define HAVE_SYS_IOCCOM_H 1
| #define HAVE_SYS_TIME_H 1
| #define HAVE_NET_BPF_H 1
| #define HAVE_LIBPCAP 1
| #define PCRE_INCLUDED 1
| #define DNET_INCLUDED 1
| /* end confdefs.h.  */
| #include <stdio.h>
| #ifdef HAVE_SYS_TYPES_H
| # include <sys/types.h>
| #endif
| #ifdef HAVE_SYS_STAT_H
| # include <sys/stat.h>
| #endif
| #ifdef STDC_HEADERS
| # include <stdlib.h>
| # include <stddef.h>
| #else
| # ifdef HAVE_STDLIB_H
| #  include <stdlib.h>
| # endif
| #endif
| #ifdef HAVE_STRING_H
| # if !defined STDC_HEADERS && defined HAVE_MEMORY_H
| #  include <memory.h>
| # endif
| # include <string.h>
| #endif
| #ifdef HAVE_STRINGS_H
| # include <strings.h>
| #endif
| #ifdef HAVE_INTTYPES_H
| # include <inttypes.h>
| #endif
| #ifdef HAVE_STDINT_H
| # include <stdint.h>
| #endif
| #ifdef HAVE_UNISTD_H
| # include <unistd.h>
| #endif
| #include <lua/lua.h>
configure:6835: result: no
configure:6835: checking lua/lua.h presence
configure:6835: gcc -E -I$(top_srcdir)/libdnet-stripped/include -I$(top_srcdir)/libpcre  conftest.c
conftest.c:33:21: error: lua/lua.h: No such file or directory
configure:6835: $? = 1
configure: failed program was:
| /* confdefs.h */
| #define PACKAGE_NAME ""
| #define PACKAGE_TARNAME ""
| #define PACKAGE_VERSION ""
| #define PACKAGE_STRING ""
| #define PACKAGE_BUGREPORT ""
| #define PACKAGE_URL ""
| #define MACOSX 1
| #define HAVE_LIBM 1
| #define STDC_HEADERS 1
| #define HAVE_SYS_TYPES_H 1
| #define HAVE_SYS_STAT_H 1
| #define HAVE_STDLIB_H 1
| #define HAVE_STRING_H 1
| #define HAVE_MEMORY_H 1
| #define HAVE_STRINGS_H 1
| #define HAVE_INTTYPES_H 1
| #define HAVE_STDINT_H 1
| #define HAVE_UNISTD_H 1
| #define HAVE_PWD_H 1
| #define HAVE_TERMIOS_H 1
| #define HAVE_SYS_SOCKIO_H 1
| #define HAVE_SYS_SOCKET_H 1
| #define HAVE_NET_IF_H 1
| #define HAVE_OPENSSL 1
| #define HAVE_SYS_IOCCOM_H 1
| #define HAVE_SYS_TIME_H 1
| #define HAVE_NET_BPF_H 1
| #define HAVE_LIBPCAP 1
| #define PCRE_INCLUDED 1
| #define DNET_INCLUDED 1
| /* end confdefs.h.  */
| #include <lua/lua.h>
configure:6835: result: no
configure:6835: checking for lua/lua.h
configure:6835: result: no
configure:6835: checking lua5.2/lua.h usability
configure:6835: gcc -c -g -O2 -I$(top_srcdir)/libdnet-stripped/include -I$(top_srcdir)/libpcre  conftest.c >&5
conftest.c:66:24: error: lua5.2/lua.h: No such file or directory
configure:6835: $? = 1
configure: failed program was:
| /* confdefs.h */
| #define PACKAGE_NAME ""
| #define PACKAGE_TARNAME ""
| #define PACKAGE_VERSION ""
| #define PACKAGE_STRING ""
| #define PACKAGE_BUGREPORT ""
| #define PACKAGE_URL ""
| #define MACOSX 1
| #define HAVE_LIBM 1
| #define STDC_HEADERS 1
| #define HAVE_SYS_TYPES_H 1
| #define HAVE_SYS_STAT_H 1
| #define HAVE_STDLIB_H 1
| #define HAVE_STRING_H 1
| #define HAVE_MEMORY_H 1
| #define HAVE_STRINGS_H 1
| #define HAVE_INTTYPES_H 1
| #define HAVE_STDINT_H 1
| #define HAVE_UNISTD_H 1
| #define HAVE_PWD_H 1
| #define HAVE_TERMIOS_H 1
| #define HAVE_SYS_SOCKIO_H 1
| #define HAVE_SYS_SOCKET_H 1
| #define HAVE_NET_IF_H 1
| #define HAVE_OPENSSL 1
| #define HAVE_SYS_IOCCOM_H 1
| #define HAVE_SYS_TIME_H 1
| #define HAVE_NET_BPF_H 1
| #define HAVE_LIBPCAP 1
| #define PCRE_INCLUDED 1
| #define DNET_INCLUDED 1
| /* end confdefs.h.  */
| #include <stdio.h>
| #ifdef HAVE_SYS_TYPES_H
| # include <sys/types.h>
| #endif
| #ifdef HAVE_SYS_STAT_H
| # include <sys/stat.h>
| #endif
| #ifdef STDC_HEADERS
| # include <stdlib.h>
| # include <stddef.h>
| #else
| # ifdef HAVE_STDLIB_H
| #  include <stdlib.h>
| # endif
| #endif
| #ifdef HAVE_STRING_H
| # if !defined STDC_HEADERS && defined HAVE_MEMORY_H
| #  include <memory.h>
| # endif
| # include <string.h>
| #endif
| #ifdef HAVE_STRINGS_H
| # include <strings.h>
| #endif
| #ifdef HAVE_INTTYPES_H
| # include <inttypes.h>
| #endif
| #ifdef HAVE_STDINT_H
| # include <stdint.h>
| #endif
| #ifdef HAVE_UNISTD_H
| # include <unistd.h>
| #endif
| #include <lua5.2/lua.h>
configure:6835: result: no
configure:6835: checking lua5.2/lua.h presence
configure:6835: gcc -E -I$(top_srcdir)/libdnet-stripped/include -I$(top_srcdir)/libpcre  conftest.c
conftest.c:33:24: error: lua5.2/lua.h: No such file or directory
configure:6835: $? = 1
configure: failed program was:
| /* confdefs.h */
| #define PACKAGE_NAME ""
| #define PACKAGE_TARNAME ""
| #define PACKAGE_VERSION ""
| #define PACKAGE_STRING ""
| #define PACKAGE_BUGREPORT ""
| #define PACKAGE_URL ""
| #define MACOSX 1
| #define HAVE_LIBM 1
| #define STDC_HEADERS 1
| #define HAVE_SYS_TYPES_H 1
| #define HAVE_SYS_STAT_H 1
| #define HAVE_STDLIB_H 1
| #define HAVE_STRING_H 1
| #define HAVE_MEMORY_H 1
| #define HAVE_STRINGS_H 1
| #define HAVE_INTTYPES_H 1
| #define HAVE_STDINT_H 1
| #define HAVE_UNISTD_H 1
| #define HAVE_PWD_H 1
| #define HAVE_TERMIOS_H 1
| #define HAVE_SYS_SOCKIO_H 1
| #define HAVE_SYS_SOCKET_H 1
| #define HAVE_NET_IF_H 1
| #define HAVE_OPENSSL 1
| #define HAVE_SYS_IOCCOM_H 1
| #define HAVE_SYS_TIME_H 1
| #define HAVE_NET_BPF_H 1
| #define HAVE_LIBPCAP 1
| #define PCRE_INCLUDED 1
| #define DNET_INCLUDED 1
| /* end confdefs.h.  */
| #include <lua5.2/lua.h>
configure:6835: result: no
configure:6835: checking for lua5.2/lua.h
configure:6835: result: no
configure:6972: checking for lua version >= 502
configure:6990: g++ -o conftest -no-cpp-precomp -g -O2 -Wall -fno-strict-aliasing -I$(top_srcdir)/libdnet-stripped/include -I$(top_srcdir)/libpcre   conftest.cpp -lm  >&5
conftest.cpp:33:18: error: lua.h: No such file or directory
conftest.cpp: In function 'int main()':
conftest.cpp:37: error: 'LUA_VERSION_NUM' was not declared in this scope
configure:6990: $? = 1
configure: program exited with status 1
configure: failed program was:
| /* confdefs.h */
| #define PACKAGE_NAME ""
| #define PACKAGE_TARNAME ""
| #define PACKAGE_VERSION ""
| #define PACKAGE_STRING ""
| #define PACKAGE_BUGREPORT ""
| #define PACKAGE_URL ""
| #define MACOSX 1
| #define HAVE_LIBM 1
| #define STDC_HEADERS 1
| #define HAVE_SYS_TYPES_H 1
| #define HAVE_SYS_STAT_H 1
| #define HAVE_STDLIB_H 1
| #define HAVE_STRING_H 1
| #define HAVE_MEMORY_H 1
| #define HAVE_STRINGS_H 1
| #define HAVE_INTTYPES_H 1
| #define HAVE_STDINT_H 1
| #define HAVE_UNISTD_H 1
| #define HAVE_PWD_H 1
| #define HAVE_TERMIOS_H 1
| #define HAVE_SYS_SOCKIO_H 1
| #define HAVE_SYS_SOCKET_H 1
| #define HAVE_NET_IF_H 1
| #define HAVE_OPENSSL 1
| #define HAVE_SYS_IOCCOM_H 1
| #define HAVE_SYS_TIME_H 1
| #define HAVE_NET_BPF_H 1
| #define HAVE_LIBPCAP 1
| #define PCRE_INCLUDED 1
| #define DNET_INCLUDED 1
| /* end confdefs.h.  */
|  #include <lua.h>
| int
| main ()
| {
| if(LUA_VERSION_NUM < 502) return 1;
|   ;
|   return 0;
| }
configure:7014: result: no
configure:7077: checking linear.h usability
configure:7077: gcc -c -g -O2 -I$(top_srcdir)/liblua -I$(top_srcdir)/libdnet-stripped/include -I$(top_srcdir)/libpcre  conftest.c >&5
conftest.c:67:20: error: linear.h: No such file or directory
configure:7077: $? = 1
configure: failed program was:
| /* confdefs.h */
| #define PACKAGE_NAME ""
| #define PACKAGE_TARNAME ""
| #define PACKAGE_VERSION ""
| #define PACKAGE_STRING ""
| #define PACKAGE_BUGREPORT ""
| #define PACKAGE_URL ""
| #define MACOSX 1
| #define HAVE_LIBM 1
| #define STDC_HEADERS 1
| #define HAVE_SYS_TYPES_H 1
| #define HAVE_SYS_STAT_H 1
| #define HAVE_STDLIB_H 1
| #define HAVE_STRING_H 1
| #define HAVE_MEMORY_H 1
| #define HAVE_STRINGS_H 1
| #define HAVE_INTTYPES_H 1
| #define HAVE_STDINT_H 1
| #define HAVE_UNISTD_H 1
| #define HAVE_PWD_H 1
| #define HAVE_TERMIOS_H 1
| #define HAVE_SYS_SOCKIO_H 1
| #define HAVE_SYS_SOCKET_H 1
| #define HAVE_NET_IF_H 1
| #define HAVE_OPENSSL 1
| #define HAVE_SYS_IOCCOM_H 1
| #define HAVE_SYS_TIME_H 1
| #define HAVE_NET_BPF_H 1
| #define HAVE_LIBPCAP 1
| #define PCRE_INCLUDED 1
| #define DNET_INCLUDED 1
| #define LUA_INCLUDED 1
| /* end confdefs.h.  */
| #include <stdio.h>
| #ifdef HAVE_SYS_TYPES_H
| # include <sys/types.h>
| #endif
| #ifdef HAVE_SYS_STAT_H
| # include <sys/stat.h>
| #endif
| #ifdef STDC_HEADERS
| # include <stdlib.h>
| # include <stddef.h>
| #else
| # ifdef HAVE_STDLIB_H
| #  include <stdlib.h>
| # endif
| #endif
| #ifdef HAVE_STRING_H
| # if !defined STDC_HEADERS && defined HAVE_MEMORY_H
| #  include <memory.h>
| # endif
| # include <string.h>
| #endif
| #ifdef HAVE_STRINGS_H
| # include <strings.h>
| #endif
| #ifdef HAVE_INTTYPES_H
| # include <inttypes.h>
| #endif
| #ifdef HAVE_STDINT_H
| # include <stdint.h>
| #endif
| #ifdef HAVE_UNISTD_H
| # include <unistd.h>
| #endif
| #include <linear.h>
configure:7077: result: no
configure:7077: checking linear.h presence
configure:7077: gcc -E -I$(top_srcdir)/liblua -I$(top_srcdir)/libdnet-stripped/include -I$(top_srcdir)/libpcre  conftest.c
conftest.c:34:20: error: linear.h: No such file or directory
configure:7077: $? = 1
configure: failed program was:
| /* confdefs.h */
| #define PACKAGE_NAME ""
| #define PACKAGE_TARNAME ""
| #define PACKAGE_VERSION ""
| #define PACKAGE_STRING ""
| #define PACKAGE_BUGREPORT ""
| #define PACKAGE_URL ""
| #define MACOSX 1
| #define HAVE_LIBM 1
| #define STDC_HEADERS 1
| #define HAVE_SYS_TYPES_H 1
| #define HAVE_SYS_STAT_H 1
| #define HAVE_STDLIB_H 1
| #define HAVE_STRING_H 1
| #define HAVE_MEMORY_H 1
| #define HAVE_STRINGS_H 1
| #define HAVE_INTTYPES_H 1
| #define HAVE_STDINT_H 1
| #define HAVE_UNISTD_H 1
| #define HAVE_PWD_H 1
| #define HAVE_TERMIOS_H 1
| #define HAVE_SYS_SOCKIO_H 1
| #define HAVE_SYS_SOCKET_H 1
| #define HAVE_NET_IF_H 1
| #define HAVE_OPENSSL 1
| #define HAVE_SYS_IOCCOM_H 1
| #define HAVE_SYS_TIME_H 1
| #define HAVE_NET_BPF_H 1
| #define HAVE_LIBPCAP 1
| #define PCRE_INCLUDED 1
| #define DNET_INCLUDED 1
| #define LUA_INCLUDED 1
| /* end confdefs.h.  */
| #include <linear.h>
configure:7077: result: no
configure:7077: checking for linear.h
configure:7077: result: no
configure:7136: result: no
configure:7160: checking whether byte ordering is bigendian
configure:7175: gcc -c -g -O2 -I$(top_srcdir)/liblinear -I$(top_srcdir)/liblua -I$(top_srcdir)/libdnet-stripped/include -I$(top_srcdir)/libpcre  conftest.c >&5
configure:7175: $? = 0
configure:7220: gcc -c -g -O2 -I$(top_srcdir)/liblinear -I$(top_srcdir)/liblua -I$(top_srcdir)/libdnet-stripped/include -I$(top_srcdir)/libpcre  conftest.c >&5
configure:7220: $? = 0
configure:7238: gcc -c -g -O2 -I$(top_srcdir)/liblinear -I$(top_srcdir)/liblua -I$(top_srcdir)/libdnet-stripped/include -I$(top_srcdir)/libpcre  conftest.c >&5
conftest.c: In function 'main':
conftest.c:42: error: 'not' undeclared (first use in this function)
conftest.c:42: error: (Each undeclared identifier is reported only once
conftest.c:42: error: for each function it appears in.)
conftest.c:42: error: expected ';' before 'big'
configure:7238: $? = 1
configure: failed program was:
| /* confdefs.h */
| #define PACKAGE_NAME ""
| #define PACKAGE_TARNAME ""
| #define PACKAGE_VERSION ""
| #define PACKAGE_STRING ""
| #define PACKAGE_BUGREPORT ""
| #define PACKAGE_URL ""
| #define MACOSX 1
| #define HAVE_LIBM 1
| #define STDC_HEADERS 1
| #define HAVE_SYS_TYPES_H 1
| #define HAVE_SYS_STAT_H 1
| #define HAVE_STDLIB_H 1
| #define HAVE_STRING_H 1
| #define HAVE_MEMORY_H 1
| #define HAVE_STRINGS_H 1
| #define HAVE_INTTYPES_H 1
| #define HAVE_STDINT_H 1
| #define HAVE_UNISTD_H 1
| #define HAVE_PWD_H 1
| #define HAVE_TERMIOS_H 1
| #define HAVE_SYS_SOCKIO_H 1
| #define HAVE_SYS_SOCKET_H 1
| #define HAVE_NET_IF_H 1
| #define HAVE_OPENSSL 1
| #define HAVE_SYS_IOCCOM_H 1
| #define HAVE_SYS_TIME_H 1
| #define HAVE_NET_BPF_H 1
| #define HAVE_LIBPCAP 1
| #define PCRE_INCLUDED 1
| #define DNET_INCLUDED 1
| #define LUA_INCLUDED 1
| #define LIBLINEAR_INCLUDED 1
| /* end confdefs.h.  */
| #include <sys/types.h>
| 		#include <sys/param.h>
| 
| int
| main ()
| {
| #if BYTE_ORDER != BIG_ENDIAN
| 		 not big endian
| 		#endif
| 
|   ;
|   return 0;
| }
configure:7366: result: no
configure:7385: checking if struct in_addr is a wacky huge structure (some Sun boxes)
configure:7399: gcc -c -g -O2 -I$(top_srcdir)/liblinear -I$(top_srcdir)/liblua -I$(top_srcdir)/libdnet-stripped/include -I$(top_srcdir)/libpcre  conftest.c >&5
conftest.c: In function 'main':
conftest.c:39: error: 'struct in_addr' has no member named '_S_un'
configure:7399: $? = 1
configure: failed program was:
| /* confdefs.h */
| #define PACKAGE_NAME ""
| #define PACKAGE_TARNAME ""
| #define PACKAGE_VERSION ""
| #define PACKAGE_STRING ""
| #define PACKAGE_BUGREPORT ""
| #define PACKAGE_URL ""
| #define MACOSX 1
| #define HAVE_LIBM 1
| #define STDC_HEADERS 1
| #define HAVE_SYS_TYPES_H 1
| #define HAVE_SYS_STAT_H 1
| #define HAVE_STDLIB_H 1
| #define HAVE_STRING_H 1
| #define HAVE_MEMORY_H 1
| #define HAVE_STRINGS_H 1
| #define HAVE_INTTYPES_H 1
| #define HAVE_STDINT_H 1
| #define HAVE_UNISTD_H 1
| #define HAVE_PWD_H 1
| #define HAVE_TERMIOS_H 1
| #define HAVE_SYS_SOCKIO_H 1
| #define HAVE_SYS_SOCKET_H 1
| #define HAVE_NET_IF_H 1
| #define HAVE_OPENSSL 1
| #define HAVE_SYS_IOCCOM_H 1
| #define HAVE_SYS_TIME_H 1
| #define HAVE_NET_BPF_H 1
| #define HAVE_LIBPCAP 1
| #define PCRE_INCLUDED 1
| #define DNET_INCLUDED 1
| #define LUA_INCLUDED 1
| #define LIBLINEAR_INCLUDED 1
| /* end confdefs.h.  */
| #include <netinet/in.h>
| int
| main ()
| {
| struct in_addr i; i._S_un._S_addr;
|   ;
|   return 0;
| }
configure:7419: gcc -c -g -O2 -I$(top_srcdir)/liblinear -I$(top_srcdir)/liblua -I$(top_srcdir)/libdnet-stripped/include -I$(top_srcdir)/libpcre  conftest.c >&5
conftest.c: In function 'main':
conftest.c:40: error: 'struct in_addr' has no member named 'S_un'
configure:7419: $? = 1
configure: failed program was:
| /* confdefs.h */
| #define PACKAGE_NAME ""
| #define PACKAGE_TARNAME ""
| #define PACKAGE_VERSION ""
| #define PACKAGE_STRING ""
| #define PACKAGE_BUGREPORT ""
| #define PACKAGE_URL ""
| #define MACOSX 1
| #define HAVE_LIBM 1
| #define STDC_HEADERS 1
| #define HAVE_SYS_TYPES_H 1
| #define HAVE_SYS_STAT_H 1
| #define HAVE_STDLIB_H 1
| #define HAVE_STRING_H 1
| #define HAVE_MEMORY_H 1
| #define HAVE_STRINGS_H 1
| #define HAVE_INTTYPES_H 1
| #define HAVE_STDINT_H 1
| #define HAVE_UNISTD_H 1
| #define HAVE_PWD_H 1
| #define HAVE_TERMIOS_H 1
| #define HAVE_SYS_SOCKIO_H 1
| #define HAVE_SYS_SOCKET_H 1
| #define HAVE_NET_IF_H 1
| #define HAVE_OPENSSL 1
| #define HAVE_SYS_IOCCOM_H 1
| #define HAVE_SYS_TIME_H 1
| #define HAVE_NET_BPF_H 1
| #define HAVE_LIBPCAP 1
| #define PCRE_INCLUDED 1
| #define DNET_INCLUDED 1
| #define LUA_INCLUDED 1
| #define LIBLINEAR_INCLUDED 1
| /* end confdefs.h.  */
| #include <sys/types.h>
| #include <netinet/in.h>
| int
| main ()
| {
| struct in_addr i; i.S_un.S_addr;
|   ;
|   return 0;
| }
configure:7427: result: no
configure:7434: checking if struct icmp exists
configure:7459: gcc -c -g -O2 -I$(top_srcdir)/liblinear -I$(top_srcdir)/liblua -I$(top_srcdir)/libdnet-stripped/include -I$(top_srcdir)/libpcre  conftest.c >&5
configure:7459: $? = 0
configure:7466: result: yes
configure:7473: checking if struct ip exists
configure:7497: gcc -c -g -O2 -I$(top_srcdir)/liblinear -I$(top_srcdir)/liblua -I$(top_srcdir)/libdnet-stripped/include -I$(top_srcdir)/libpcre  conftest.c >&5
configure:7497: $? = 0
configure:7504: result: yes
configure:7511: checking if struct ip has ip_sum member
configure:7536: gcc -c -g -O2 -I$(top_srcdir)/liblinear -I$(top_srcdir)/liblua -I$(top_srcdir)/libdnet-stripped/include -I$(top_srcdir)/libpcre  conftest.c >&5
configure:7536: $? = 0
configure:7543: result: yes
configure:7552: checking for strerror
configure:7552: gcc -o conftest -g -O2 -I$(top_srcdir)/liblinear -I$(top_srcdir)/liblua -I$(top_srcdir)/libdnet-stripped/include -I$(top_srcdir)/libpcre   conftest.c -lm  >&5
configure:7552: $? = 0
configure:7552: result: yes
configure:7568: checking for type of 6th argument to recvfrom()
configure:7589: g++ -c -no-cpp-precomp -g -O2 -Wall -fno-strict-aliasing -I$(top_srcdir)/liblinear -I$(top_srcdir)/liblua -I$(top_srcdir)/libdnet-stripped/include -I$(top_srcdir)/libpcre  conftest.cpp >&5
configure:7589: $? = 0
configure:7603: result: socklen_t
configure:7750: checking for APR
configure:7829: result: yes
configure:7860: checking svn_client.h usability
configure:7860: gcc -c -g -O2 -I$(top_srcdir)/liblinear -I$(top_srcdir)/liblua -I$(top_srcdir)/libdnet-stripped/include -I$(top_srcdir)/libpcre  -I$(top_srcdir)/nbase -I$(top_srcdir)/nsock/include  -DDARWIN -DSIGPROCMASK_SETS_THREAD_MASK -I/usr/include/apr-1  conftest.c >&5
conftest.c:73:24: error: svn_client.h: No such file or directory
configure:7860: $? = 1
configure: failed program was:
| /* confdefs.h */
| #define PACKAGE_NAME ""
| #define PACKAGE_TARNAME ""
| #define PACKAGE_VERSION ""
| #define PACKAGE_STRING ""
| #define PACKAGE_BUGREPORT ""
| #define PACKAGE_URL ""
| #define MACOSX 1
| #define HAVE_LIBM 1
| #define STDC_HEADERS 1
| #define HAVE_SYS_TYPES_H 1
| #define HAVE_SYS_STAT_H 1
| #define HAVE_STDLIB_H 1
| #define HAVE_STRING_H 1
| #define HAVE_MEMORY_H 1
| #define HAVE_STRINGS_H 1
| #define HAVE_INTTYPES_H 1
| #define HAVE_STDINT_H 1
| #define HAVE_UNISTD_H 1
| #define HAVE_PWD_H 1
| #define HAVE_TERMIOS_H 1
| #define HAVE_SYS_SOCKIO_H 1
| #define HAVE_SYS_SOCKET_H 1
| #define HAVE_NET_IF_H 1
| #define HAVE_OPENSSL 1
| #define HAVE_SYS_IOCCOM_H 1
| #define HAVE_SYS_TIME_H 1
| #define HAVE_NET_BPF_H 1
| #define HAVE_LIBPCAP 1
| #define PCRE_INCLUDED 1
| #define DNET_INCLUDED 1
| #define LUA_INCLUDED 1
| #define LIBLINEAR_INCLUDED 1
| #define HAVE_STRUCT_ICMP 1
| #define HAVE_STRUCT_IP 1
| #define HAVE_IP_IP_SUM 1
| #define HAVE_STRERROR 1
| #define recvfrom6_t socklen_t
| /* end confdefs.h.  */
| #include <stdio.h>
| #ifdef HAVE_SYS_TYPES_H
| # include <sys/types.h>
| #endif
| #ifdef HAVE_SYS_STAT_H
| # include <sys/stat.h>
| #endif
| #ifdef STDC_HEADERS
| # include <stdlib.h>
| # include <stddef.h>
| #else
| # ifdef HAVE_STDLIB_H
| #  include <stdlib.h>
| # endif
| #endif
| #ifdef HAVE_STRING_H
| # if !defined STDC_HEADERS && defined HAVE_MEMORY_H
| #  include <memory.h>
| # endif
| # include <string.h>
| #endif
| #ifdef HAVE_STRINGS_H
| # include <strings.h>
| #endif
| #ifdef HAVE_INTTYPES_H
| # include <inttypes.h>
| #endif
| #ifdef HAVE_STDINT_H
| # include <stdint.h>
| #endif
| #ifdef HAVE_UNISTD_H
| # include <unistd.h>
| #endif
| #include <svn_client.h>
configure:7860: result: no
configure:7860: checking svn_client.h presence
configure:7860: gcc -E -I$(top_srcdir)/liblinear -I$(top_srcdir)/liblua -I$(top_srcdir)/libdnet-stripped/include -I$(top_srcdir)/libpcre  -I$(top_srcdir)/nbase -I$(top_srcdir)/nsock/include  -DDARWIN -DSIGPROCMASK_SETS_THREAD_MASK -I/usr/include/apr-1  conftest.c
conftest.c:40:24: error: svn_client.h: No such file or directory
configure:7860: $? = 1
configure: failed program was:
| /* confdefs.h */
| #define PACKAGE_NAME ""
| #define PACKAGE_TARNAME ""
| #define PACKAGE_VERSION ""
| #define PACKAGE_STRING ""
| #define PACKAGE_BUGREPORT ""
| #define PACKAGE_URL ""
| #define MACOSX 1
| #define HAVE_LIBM 1
| #define STDC_HEADERS 1
| #define HAVE_SYS_TYPES_H 1
| #define HAVE_SYS_STAT_H 1
| #define HAVE_STDLIB_H 1
| #define HAVE_STRING_H 1
| #define HAVE_MEMORY_H 1
| #define HAVE_STRINGS_H 1
| #define HAVE_INTTYPES_H 1
| #define HAVE_STDINT_H 1
| #define HAVE_UNISTD_H 1
| #define HAVE_PWD_H 1
| #define HAVE_TERMIOS_H 1
| #define HAVE_SYS_SOCKIO_H 1
| #define HAVE_SYS_SOCKET_H 1
| #define HAVE_NET_IF_H 1
| #define HAVE_OPENSSL 1
| #define HAVE_SYS_IOCCOM_H 1
| #define HAVE_SYS_TIME_H 1
| #define HAVE_NET_BPF_H 1
| #define HAVE_LIBPCAP 1
| #define PCRE_INCLUDED 1
| #define DNET_INCLUDED 1
| #define LUA_INCLUDED 1
| #define LIBLINEAR_INCLUDED 1
| #define HAVE_STRUCT_ICMP 1
| #define HAVE_STRUCT_IP 1
| #define HAVE_IP_IP_SUM 1
| #define HAVE_STRERROR 1
| #define recvfrom6_t socklen_t
| /* end confdefs.h.  */
| #include <svn_client.h>
configure:7860: result: no
configure:7860: checking for svn_client.h
configure:7860: result: no
configure:7865: checking subversion-1/svn_client.h usability
configure:7865: gcc -c -g -O2 -I$(top_srcdir)/liblinear -I$(top_srcdir)/liblua -I$(top_srcdir)/libdnet-stripped/include -I$(top_srcdir)/libpcre  -I$(top_srcdir)/nbase -I$(top_srcdir)/nsock/include  -DDARWIN -DSIGPROCMASK_SETS_THREAD_MASK -I/usr/include/apr-1  conftest.c >&5
conftest.c:73:37: error: subversion-1/svn_client.h: No such file or directory
configure:7865: $? = 1
configure: failed program was:
| /* confdefs.h */
| #define PACKAGE_NAME ""
| #define PACKAGE_TARNAME ""
| #define PACKAGE_VERSION ""
| #define PACKAGE_STRING ""
| #define PACKAGE_BUGREPORT ""
| #define PACKAGE_URL ""
| #define MACOSX 1
| #define HAVE_LIBM 1
| #define STDC_HEADERS 1
| #define HAVE_SYS_TYPES_H 1
| #define HAVE_SYS_STAT_H 1
| #define HAVE_STDLIB_H 1
| #define HAVE_STRING_H 1
| #define HAVE_MEMORY_H 1
| #define HAVE_STRINGS_H 1
| #define HAVE_INTTYPES_H 1
| #define HAVE_STDINT_H 1
| #define HAVE_UNISTD_H 1
| #define HAVE_PWD_H 1
| #define HAVE_TERMIOS_H 1
| #define HAVE_SYS_SOCKIO_H 1
| #define HAVE_SYS_SOCKET_H 1
| #define HAVE_NET_IF_H 1
| #define HAVE_OPENSSL 1
| #define HAVE_SYS_IOCCOM_H 1
| #define HAVE_SYS_TIME_H 1
| #define HAVE_NET_BPF_H 1
| #define HAVE_LIBPCAP 1
| #define PCRE_INCLUDED 1
| #define DNET_INCLUDED 1
| #define LUA_INCLUDED 1
| #define LIBLINEAR_INCLUDED 1
| #define HAVE_STRUCT_ICMP 1
| #define HAVE_STRUCT_IP 1
| #define HAVE_IP_IP_SUM 1
| #define HAVE_STRERROR 1
| #define recvfrom6_t socklen_t
| /* end confdefs.h.  */
| #include <stdio.h>
| #ifdef HAVE_SYS_TYPES_H
| # include <sys/types.h>
| #endif
| #ifdef HAVE_SYS_STAT_H
| # include <sys/stat.h>
| #endif
| #ifdef STDC_HEADERS
| # include <stdlib.h>
| # include <stddef.h>
| #else
| # ifdef HAVE_STDLIB_H
| #  include <stdlib.h>
| # endif
| #endif
| #ifdef HAVE_STRING_H
| # if !defined STDC_HEADERS && defined HAVE_MEMORY_H
| #  include <memory.h>
| # endif
| # include <string.h>
| #endif
| #ifdef HAVE_STRINGS_H
| # include <strings.h>
| #endif
| #ifdef HAVE_INTTYPES_H
| # include <inttypes.h>
| #endif
| #ifdef HAVE_STDINT_H
| # include <stdint.h>
| #endif
| #ifdef HAVE_UNISTD_H
| # include <unistd.h>
| #endif
| #include <subversion-1/svn_client.h>
configure:7865: result: no
configure:7865: checking subversion-1/svn_client.h presence
configure:7865: gcc -E -I$(top_srcdir)/liblinear -I$(top_srcdir)/liblua -I$(top_srcdir)/libdnet-stripped/include -I$(top_srcdir)/libpcre  -I$(top_srcdir)/nbase -I$(top_srcdir)/nsock/include  -DDARWIN -DSIGPROCMASK_SETS_THREAD_MASK -I/usr/include/apr-1  conftest.c
conftest.c:40:37: error: subversion-1/svn_client.h: No such file or directory
configure:7865: $? = 1
configure: failed program was:
| /* confdefs.h */
| #define PACKAGE_NAME ""
| #define PACKAGE_TARNAME ""
| #define PACKAGE_VERSION ""
| #define PACKAGE_STRING ""
| #define PACKAGE_BUGREPORT ""
| #define PACKAGE_URL ""
| #define MACOSX 1
| #define HAVE_LIBM 1
| #define STDC_HEADERS 1
| #define HAVE_SYS_TYPES_H 1
| #define HAVE_SYS_STAT_H 1
| #define HAVE_STDLIB_H 1
| #define HAVE_STRING_H 1
| #define HAVE_MEMORY_H 1
| #define HAVE_STRINGS_H 1
| #define HAVE_INTTYPES_H 1
| #define HAVE_STDINT_H 1
| #define HAVE_UNISTD_H 1
| #define HAVE_PWD_H 1
| #define HAVE_TERMIOS_H 1
| #define HAVE_SYS_SOCKIO_H 1
| #define HAVE_SYS_SOCKET_H 1
| #define HAVE_NET_IF_H 1
| #define HAVE_OPENSSL 1
| #define HAVE_SYS_IOCCOM_H 1
| #define HAVE_SYS_TIME_H 1
| #define HAVE_NET_BPF_H 1
| #define HAVE_LIBPCAP 1
| #define PCRE_INCLUDED 1
| #define DNET_INCLUDED 1
| #define LUA_INCLUDED 1
| #define LIBLINEAR_INCLUDED 1
| #define HAVE_STRUCT_ICMP 1
| #define HAVE_STRUCT_IP 1
| #define HAVE_IP_IP_SUM 1
| #define HAVE_STRERROR 1
| #define recvfrom6_t socklen_t
| /* end confdefs.h.  */
| #include <subversion-1/svn_client.h>
configure:7865: result: no
configure:7865: checking for subversion-1/svn_client.h
configure:7865: result: no
configure:7930: WARNING: Not building nmap-update because libsvn1 was not found
configure:8084: creating ./config.status

## ---------------------- ##
## Running config.status. ##
## ---------------------- ##

This file was extended by config.status, which was
generated by GNU Autoconf 2.69.  Invocation command line was

  CONFIG_FILES    = 
  CONFIG_HEADERS  = 
  CONFIG_LINKS    = 
  CONFIG_COMMANDS = 
  $ ./config.status 

on mhillick-rdub.local

config.status:921: creating Makefile
config.status:1024: WARNING:  'Makefile.in' seems to ignore the --datarootdir setting
config.status:921: creating libnetutil/Makefile
config.status:921: creating nmap_config.h
configure:9315: === configuring in nping (/Users/mhillick/git/scripts/nmap/nmap/nping)
configure:9378: running /bin/sh ./configure --disable-option-checking '--prefix=/usr/local'  --cache-file=/dev/null --srcdir=.
configure:9315: === configuring in libpcre (/Users/mhillick/git/scripts/nmap/nmap/libpcre)
configure:9378: running /bin/sh ./configure --disable-option-checking '--prefix=/usr/local'  --cache-file=/dev/null --srcdir=.
configure:9315: === configuring in libdnet-stripped (/Users/mhillick/git/scripts/nmap/nmap/libdnet-stripped)
configure:9378: running /bin/sh ./configure --disable-option-checking '--prefix=/usr/local'  --cache-file=/dev/null --srcdir=.
configure:9315: === configuring in nbase (/Users/mhillick/git/scripts/nmap/nmap/nbase)
configure:9378: running /bin/sh ./configure --disable-option-checking '--prefix=/usr/local'  --cache-file=/dev/null --srcdir=.
configure:9315: === configuring in nsock/src (/Users/mhillick/git/scripts/nmap/nmap/nsock/src)
configure:9378: running /bin/sh ./configure --disable-option-checking '--prefix=/usr/local'  --cache-file=/dev/null --srcdir=.
configure:9315: === configuring in ncat (/Users/mhillick/git/scripts/nmap/nmap/ncat)
configure:9378: running /bin/sh ./configure --disable-option-checking '--prefix=/usr/local'  --cache-file=/dev/null --srcdir=.

## ---------------- ##
## Cache variables. ##
## ---------------- ##

ac_cv_build=x86_64-apple-darwin12.5.0
ac_cv_c_bigendian=no
ac_cv_c_compiler_gnu=yes
ac_cv_c_inline=inline
ac_cv_cxx_compiler_gnu=yes
ac_cv_env_CCC_set=
ac_cv_env_CCC_value=
ac_cv_env_CC_set=
ac_cv_env_CC_value=
ac_cv_env_CFLAGS_set=
ac_cv_env_CFLAGS_value=
ac_cv_env_CPPFLAGS_set=
ac_cv_env_CPPFLAGS_value=
ac_cv_env_CPP_set=
ac_cv_env_CPP_value=
ac_cv_env_CXXFLAGS_set=
ac_cv_env_CXXFLAGS_value=
ac_cv_env_CXX_set=
ac_cv_env_CXX_value=
ac_cv_env_LDFLAGS_set=
ac_cv_env_LDFLAGS_value=
ac_cv_env_LIBS_set=
ac_cv_env_LIBS_value=
ac_cv_env_PYTHON_set=
ac_cv_env_PYTHON_value=
ac_cv_env_build_alias_set=
ac_cv_env_build_alias_value=
ac_cv_env_host_alias_set=
ac_cv_env_host_alias_value=
ac_cv_env_target_alias_set=
ac_cv_env_target_alias_value=
ac_cv_func_strerror=yes
ac_cv_have_decl_pcap_get_selectable_fd=yes
ac_cv_header_inttypes_h=yes
ac_cv_header_linear_h=no
ac_cv_header_linux_rtnetlink_h=no
ac_cv_header_lua5_2_lua_h=no
ac_cv_header_lua_h=no
ac_cv_header_lua_lua_h=no
ac_cv_header_memory_h=yes
ac_cv_header_net_bpf_h=yes
ac_cv_header_net_if_h=yes
ac_cv_header_openssl_ssl_h=yes
ac_cv_header_pcap_h=yes
ac_cv_header_pcre_h=no
ac_cv_header_pcre_pcre_h=no
ac_cv_header_pwd_h=yes
ac_cv_header_stdc=yes
ac_cv_header_stdint_h=yes
ac_cv_header_stdlib_h=yes
ac_cv_header_string_h=yes
ac_cv_header_strings_h=yes
ac_cv_header_subversion_1_svn_client_h=no
ac_cv_header_svn_client_h=no
ac_cv_header_sys_ioccom_h=yes
ac_cv_header_sys_socket_h=yes
ac_cv_header_sys_sockio_h=yes
ac_cv_header_sys_stat_h=yes
ac_cv_header_sys_time_h=yes
ac_cv_header_sys_types_h=yes
ac_cv_header_termios_h=yes
ac_cv_header_unistd_h=yes
ac_cv_host=x86_64-apple-darwin12.5.0
ac_cv_ip_has_ip_sum=yes
ac_cv_lib_crypto_BIO_int_ctrl=yes
ac_cv_lib_m_main=yes
ac_cv_lib_pcap_pcap_datalink=yes
ac_cv_lib_ssl_SSL_new=yes
ac_cv_objext=o
ac_cv_path_EGREP='/usr/bin/grep -E'
ac_cv_path_GREP=/usr/bin/grep
ac_cv_path_PYTHON=/usr/bin/python
ac_cv_path_ac_pt_STRIP=/usr/bin/strip
ac_cv_path_install='/usr/bin/install -c'
ac_cv_prog_CPP='gcc -E'
ac_cv_prog_ac_ct_CC=gcc
ac_cv_prog_ac_ct_CXX=g++
ac_cv_prog_ac_ct_RANLIB=ranlib
ac_cv_prog_cc_c89=
ac_cv_prog_cc_g=yes
ac_cv_prog_cxx_g=yes
ac_cv_search_dlopen='none required'
ac_cv_search_gethostbyname='none required'
ac_cv_search_setsockopt='none required'
ac_cv_struct_icmp_exists=yes
ac_cv_struct_ip_exists=yes
am_cv_pathless_PYTHON=python
am_cv_python_platform=darwin
am_cv_python_pyexecdir='${exec_prefix}/lib/python2.7/site-packages'
am_cv_python_pythondir='${prefix}/lib/python2.7/site-packages'
am_cv_python_version=2.7

## ----------------- ##
## Output variables. ##
## ----------------- ##

BUILDNDIFF='build-ndiff'
BUILDNPING='build-nping'
BUILDZENMAP='build-zenmap'
CC='gcc'
CFLAGS='-g -O2'
CPP='gcc -E'
CPPFLAGS='-I$(top_srcdir)/liblinear -I$(top_srcdir)/liblua -I$(top_srcdir)/libdnet-stripped/include -I$(top_srcdir)/libpcre  -I$(top_srcdir)/nbase -I$(top_srcdir)/nsock/include'
CXX='g++'
CXXFLAGS='-no-cpp-precomp -g -O2 -Wall -fno-strict-aliasing'
DEFS='-DHAVE_CONFIG_H'
DNET_BUILD='dnet_build'
DNET_CLEAN='dnet_clean'
DNET_DEPENDS='$(top_srcdir)/libdnet-stripped/src/.libs/libdnet.a'
DNET_DIST_CLEAN='dnet_dist_clean'
ECHO_C='\c'
ECHO_N=''
ECHO_T=''
EGREP='/usr/bin/grep -E'
EXEEXT=''
GREP='/usr/bin/grep'
INSTALLNDIFF='install-ndiff'
INSTALLNPING='install-nping'
INSTALLNSE='install-nse'
INSTALLZENMAP='install-zenmap'
INSTALL_DATA='${INSTALL} -m 644'
INSTALL_PROGRAM='${INSTALL}'
INSTALL_SCRIPT='${INSTALL}'
LDFLAGS=' -Lnbase -Lnsock/src/'
LIBDNETDIR='libdnet-stripped'
LIBDNET_LIBS='$(top_srcdir)/libdnet-stripped/src/.libs/libdnet.a'
LIBLINEARDIR='liblinear'
LIBLINEAR_BUILD='liblinear_build'
LIBLINEAR_CLEAN='liblinear_clean'
LIBLINEAR_DEPENDS='$(top_srcdir)/liblinear/liblinear.a'
LIBLINEAR_DIST_CLEAN='liblinear_dist_clean'
LIBLINEAR_LIBS='$(top_srcdir)/liblinear/liblinear.a'
LIBLUADIR='liblua'
LIBLUA_LIBS='$(top_srcdir)/liblua/liblua.a'
LIBNBASE_LIBS='-lnbase'
LIBNSOCK_LIBS='-lnsock'
LIBOBJS=''
LIBPCAP_LIBS='-lpcap'
LIBPCREDIR='libpcre'
LIBPCRE_LIBS='libpcre/libpcre.a'
LIBS='-lm '
LTLIBOBJS=''
LUA_BUILD='lua_build'
LUA_CFLAGS='-DLUA_USE_MACOSX'
LUA_CLEAN='lua_clean'
LUA_DEPENDS='$(top_srcdir)/liblua/liblua.a'
LUA_DIST_CLEAN='lua_dist_clean'
NBASEDIR='nbase'
NBASE_BUILD='nbase_build'
NCATDIR='ncat'
NCAT_BUILD='ncat_build'
NCAT_CHECK='ncat_check'
NCAT_CLEAN='ncat_clean'
NCAT_DIST_CLEAN='ncat_dist_clean'
NCAT_INSTALL='install-ncat'
NCAT_UNINSTALL='uninstall-ncat'
NDIFFDIR='ndiff'
NDIFF_CHECK='ndiff_check'
NDIFF_CLEAN='ndiff_clean'
NDIFF_DIST_CLEAN='ndiff_dist_clean'
NMAP_UPDATE_BUILD=''
NMAP_UPDATE_CLEAN=''
NMAP_UPDATE_DIST_CLEAN=''
NMAP_UPDATE_INSTALL=''
NMAP_UPDATE_UNINSTALL=''
NPINGDIR='nping'
NPING_CLEAN='nping_clean'
NPING_DIST_CLEAN='nping_dist_clean'
NSE_CHECK='nse_check'
NSOCKDIR='nsock'
NSOCK_BUILD='nsock_build'
NSOCK_CHECK='nsock_check'
OBJEXT='o'
OPENSSL_LIBS='-lssl -lcrypto'
PACKAGE_BUGREPORT=''
PACKAGE_NAME=''
PACKAGE_STRING=''
PACKAGE_TARNAME=''
PACKAGE_URL=''
PACKAGE_VERSION=''
PATH_SEPARATOR=':'
PCAP_BUILD=''
PCAP_CLEAN=''
PCAP_DEPENDS=''
PCAP_DIST_CLEAN=''
PCRE_BUILD='pcre_build'
PCRE_CLEAN='pcre_clean'
PCRE_DEPENDS='libpcre/libpcre.a'
PCRE_DIST_CLEAN='pcre_dist_clean'
PYTHON='/usr/bin/python'
PYTHON_EXEC_PREFIX='${exec_prefix}'
PYTHON_PLATFORM='darwin'
PYTHON_PREFIX='${prefix}'
PYTHON_VERSION='2.7'
RANLIB='ranlib'
SHELL='/bin/sh'
STRIP='/usr/bin/strip'
UNINSTALLNPING='uninstall-nping'
UNINSTALLZENMAP='uninstall-zenmap'
USE_NLS='yes'
ZENMAPDIR='zenmap'
ZENMAP_CHECK='zenmap_check'
ZENMAP_CLEAN='zenmap_clean'
ZENMAP_DIST_CLEAN='zenmap_dist_clean'
ac_ct_CC='gcc'
ac_ct_CXX='g++'
bindir='${exec_prefix}/bin'
build='x86_64-apple-darwin12.5.0'
build_alias=''
build_cpu='x86_64'
build_os='darwin12.5.0'
build_vendor='apple'
datadir='${datarootdir}'
datarootdir='${prefix}/share'
docdir='${datarootdir}/doc/${PACKAGE}'
dvidir='${docdir}'
exec_prefix='${prefix}'
host='x86_64-apple-darwin12.5.0'
host_alias=''
host_cpu='x86_64'
host_os='darwin12.5.0'
host_vendor='apple'
htmldir='${docdir}'
includedir='${prefix}/include'
infodir='${datarootdir}/info'
libdir='${exec_prefix}/lib'
libexecdir='${exec_prefix}/libexec'
libpcapdir='libpcap'
localedir='${datarootdir}/locale'
localstatedir='${prefix}/var'
mandir='${datarootdir}/man'
oldincludedir='/usr/include'
pcredir='libpcre'
pdfdir='${docdir}'
pkgpyexecdir='${pyexecdir}/'
pkgpythondir='${pythondir}/'
prefix='/usr/local'
program_transform_name='s,x,x,'
psdir='${docdir}'
pyexecdir='${exec_prefix}/lib/python2.7/site-packages'
pythondir='${prefix}/lib/python2.7/site-packages'
sbindir='${exec_prefix}/sbin'
sharedstatedir='${prefix}/com'
subdirs=' nping libpcre libdnet-stripped nbase nsock/src ncat'
sysconfdir='${prefix}/etc'
target_alias=''

## ----------- ##
## confdefs.h. ##
## ----------- ##

/* confdefs.h */
#define PACKAGE_NAME ""
#define PACKAGE_TARNAME ""
#define PACKAGE_VERSION ""
#define PACKAGE_STRING ""
#define PACKAGE_BUGREPORT ""
#define PACKAGE_URL ""
#define MACOSX 1
#define HAVE_LIBM 1
#define STDC_HEADERS 1
#define HAVE_SYS_TYPES_H 1
#define HAVE_SYS_STAT_H 1
#define HAVE_STDLIB_H 1
#define HAVE_STRING_H 1
#define HAVE_MEMORY_H 1
#define HAVE_STRINGS_H 1
#define HAVE_INTTYPES_H 1
#define HAVE_STDINT_H 1
#define HAVE_UNISTD_H 1
#define HAVE_PWD_H 1
#define HAVE_TERMIOS_H 1
#define HAVE_SYS_SOCKIO_H 1
#define HAVE_SYS_SOCKET_H 1
#define HAVE_NET_IF_H 1
#define HAVE_OPENSSL 1
#define HAVE_SYS_IOCCOM_H 1
#define HAVE_SYS_TIME_H 1
#define HAVE_NET_BPF_H 1
#define HAVE_LIBPCAP 1
#define PCRE_INCLUDED 1
#define DNET_INCLUDED 1
#define LUA_INCLUDED 1
#define LIBLINEAR_INCLUDED 1
#define HAVE_STRUCT_ICMP 1
#define HAVE_STRUCT_IP 1
#define HAVE_IP_IP_SUM 1
#define HAVE_STRERROR 1
#define recvfrom6_t socklen_t

configure: exit 0
