This file contains any messages produced by compilers while
running configure, to aid debugging if configure makes a mistake.

It was created by PCRE configure 7.6, which was
generated by GNU Autoconf 2.63.  Invocation command line was

  $ ./configure --disable-option-checking --prefix=/usr/local --cache-file=/dev/null --srcdir=.

## --------- ##
## Platform. ##
## --------- ##

hostname = mhillick-rdub.local
uname -m = x86_64
uname -r = 12.5.0
uname -s = Darwin
uname -v = Darwin Kernel Version 12.5.0: Sun Sep 29 13:33:47 PDT 2013; root:xnu-2050.48.12~1/RELEASE_X86_64

/usr/bin/uname -p = i386
/bin/uname -X     = unknown

/bin/arch              = unknown
/usr/bin/arch -k       = unknown
/usr/convex/getsysinfo = unknown
/usr/bin/hostinfo      = Mach kernel version:
	 Darwin Kernel Version 12.5.0: Sun Sep 29 13:33:47 PDT 2013; root:xnu-2050.48.12~1/RELEASE_X86_64
Kernel configured for up to 8 processors.
4 processors are physically available.
8 processors are logically available.
Processor type: i486 (Intel 80486)
Processors active: 0 1 2 3 4 5 6 7
Primary memory available: 16.00 gigabytes
Default processor set: 223 tasks, 1617 threads, 8 processors
Load average: 1.64, Mach factor: 6.35
/bin/machine           = unknown
/usr/bin/oslevel       = unknown
/bin/universe          = unknown

PATH: /Users/mhillick/bin
PATH: ./.bundle/bin
PATH: /Users/mhillick/.rbenv/shims
PATH: /Users/mhillick/.rbenv/bin
PATH: /usr/bin
PATH: /bin
PATH: /usr/sbin
PATH: /sbin
PATH: /usr/local/bin
PATH: /opt/X11/bin
PATH: /usr/local/MacGPG2/bin


## ----------- ##
## Core tests. ##
## ----------- ##

configure:1945: checking for a BSD-compatible install
configure:2013: result: /usr/bin/install -c
configure:2024: checking whether build environment is sane
configure:2067: result: yes
configure:2092: checking for a thread-safe mkdir -p
configure:2131: result: ./../shtool install -c -d
configure:2144: checking for gawk
configure:2174: result: no
configure:2144: checking for mawk
configure:2174: result: no
configure:2144: checking for nawk
configure:2174: result: no
configure:2144: checking for awk
configure:2160: found /usr/bin/awk
configure:2171: result: awk
configure:2182: checking whether make sets $(MAKE)
configure:2204: result: yes
configure:2451: checking for gcc
configure:2467: found /usr/bin/gcc
configure:2478: result: gcc
configure:2710: checking for C compiler version
configure:2718: gcc --version >&5
i686-apple-darwin11-llvm-gcc-4.2 (GCC) 4.2.1 (Based on Apple Inc. build 5658) (LLVM build 2336.11.00)
Copyright (C) 2007 Free Software Foundation, Inc.
This is free software; see the source for copying conditions.  There is NO
warranty; not even for MERCHANTABILITY or FITNESS FOR A PARTICULAR PURPOSE.

configure:2722: $? = 0
configure:2729: gcc -v >&5
Using built-in specs.
Target: i686-apple-darwin11
Configured with: /private/var/tmp/llvmgcc42/llvmgcc42-2336.11~182/src/configure --disable-checking --enable-werror --prefix=/Applications/Xcode.app/Contents/Developer/usr/llvm-gcc-4.2 --mandir=/share/man --enable-languages=c,objc,c++,obj-c++ --program-prefix=llvm- --program-transform-name=/^[cg][^.-]*$/s/$/-4.2/ --with-slibdir=/usr/lib --build=i686-apple-darwin11 --enable-llvm=/private/var/tmp/llvmgcc42/llvmgcc42-2336.11~182/dst-llvmCore/Developer/usr/local --program-prefix=i686-apple-darwin11- --host=x86_64-apple-darwin11 --target=i686-apple-darwin11 --with-gxx-include-dir=/usr/include/c++/4.2.1
Thread model: posix
gcc version 4.2.1 (Based on Apple Inc. build 5658) (LLVM build 2336.11.00)
configure:2733: $? = 0
configure:2740: gcc -V >&5
llvm-gcc-4.2: argument to `-V' is missing
configure:2744: $? = 1
configure:2767: checking for C compiler default output file name
configure:2789: gcc    conftest.c  >&5
configure:2793: $? = 0
configure:2831: result: a.out
configure:2850: checking whether the C compiler works
configure:2860: ./a.out
configure:2864: $? = 0
configure:2883: result: yes
configure:2890: checking whether we are cross compiling
configure:2892: result: no
configure:2895: checking for suffix of executables
configure:2902: gcc -o conftest    conftest.c  >&5
configure:2906: $? = 0
configure:2932: result: 
configure:2938: checking for suffix of object files
configure:2964: gcc -c   conftest.c >&5
configure:2968: $? = 0
configure:2993: result: o
configure:2997: checking whether we are using the GNU C compiler
configure:3026: gcc -c   conftest.c >&5
configure:3033: $? = 0
configure:3050: result: yes
configure:3059: checking whether gcc accepts -g
configure:3089: gcc -c -g  conftest.c >&5
configure:3096: $? = 0
configure:3197: result: yes
configure:3214: checking for gcc option to accept ISO C89
configure:3288: gcc  -c -g -O2  conftest.c >&5
configure:3295: $? = 0
configure:3318: result: none needed
configure:3347: checking for style of include used by make
configure:3375: result: GNU
configure:3400: checking dependency style of gcc
configure:3491: result: gcc3
configure:3549: checking for ranlib
configure:3565: found /usr/bin/ranlib
configure:3576: result: ranlib
configure:3624: checking for a BSD-compatible install
configure:3692: result: /usr/bin/install -c
configure:3703: checking whether ln -s works
configure:3707: result: yes
configure:3950: checking how to run the C preprocessor
configure:3990: gcc -E  conftest.c
configure:3997: $? = 0
configure:4028: gcc -E  conftest.c
conftest.c:10:28: error: ac_nonexistent.h: No such file or directory
configure:4035: $? = 1
configure: failed program was:
| /* confdefs.h.  */
| #define PACKAGE_NAME "PCRE"
| #define PACKAGE_TARNAME "pcre"
| #define PACKAGE_VERSION "7.6"
| #define PACKAGE_STRING "PCRE 7.6"
| #define PACKAGE_BUGREPORT ""
| #define PACKAGE "pcre"
| #define VERSION "7.6"
| /* end confdefs.h.  */
| #include <ac_nonexistent.h>
configure:4068: result: gcc -E
configure:4097: gcc -E  conftest.c
configure:4104: $? = 0
configure:4135: gcc -E  conftest.c
conftest.c:10:28: error: ac_nonexistent.h: No such file or directory
configure:4142: $? = 1
configure: failed program was:
| /* confdefs.h.  */
| #define PACKAGE_NAME "PCRE"
| #define PACKAGE_TARNAME "pcre"
| #define PACKAGE_VERSION "7.6"
| #define PACKAGE_STRING "PCRE 7.6"
| #define PACKAGE_BUGREPORT ""
| #define PACKAGE "pcre"
| #define VERSION "7.6"
| /* end confdefs.h.  */
| #include <ac_nonexistent.h>
configure:4182: checking for grep that handles long lines and -e
configure:4242: result: /usr/bin/grep
configure:4247: checking for egrep
configure:4311: result: /usr/bin/grep -E
configure:4316: checking for ANSI C header files
configure:4346: gcc -c -O2  conftest.c >&5
configure:4353: $? = 0
configure:4452: gcc -o conftest -O2   conftest.c  >&5
configure:4456: $? = 0
configure:4462: ./conftest
configure:4466: $? = 0
configure:4484: result: yes
configure:4508: checking for sys/types.h
configure:4529: gcc -c -O2  conftest.c >&5
configure:4536: $? = 0
configure:4553: result: yes
configure:4508: checking for sys/stat.h
configure:4529: gcc -c -O2  conftest.c >&5
configure:4536: $? = 0
configure:4553: result: yes
configure:4508: checking for stdlib.h
configure:4529: gcc -c -O2  conftest.c >&5
configure:4536: $? = 0
configure:4553: result: yes
configure:4508: checking for string.h
configure:4529: gcc -c -O2  conftest.c >&5
configure:4536: $? = 0
configure:4553: result: yes
configure:4508: checking for memory.h
configure:4529: gcc -c -O2  conftest.c >&5
configure:4536: $? = 0
configure:4553: result: yes
configure:4508: checking for strings.h
configure:4529: gcc -c -O2  conftest.c >&5
configure:4536: $? = 0
configure:4553: result: yes
configure:4508: checking for inttypes.h
configure:4529: gcc -c -O2  conftest.c >&5
configure:4536: $? = 0
configure:4553: result: yes
configure:4508: checking for stdint.h
configure:4529: gcc -c -O2  conftest.c >&5
configure:4536: $? = 0
configure:4553: result: yes
configure:4508: checking for unistd.h
configure:4529: gcc -c -O2  conftest.c >&5
configure:4536: $? = 0
configure:4553: result: yes
configure:4587: checking limits.h usability
configure:4604: gcc -c -O2  conftest.c >&5
configure:4611: $? = 0
configure:4625: result: yes
configure:4629: checking limits.h presence
configure:4644: gcc -E  conftest.c
configure:4651: $? = 0
configure:4665: result: yes
configure:4693: checking for limits.h
configure:4702: result: yes
configure:4576: checking for sys/types.h
configure:4583: result: yes
configure:4576: checking for sys/stat.h
configure:4583: result: yes
configure:4587: checking dirent.h usability
configure:4604: gcc -c -O2  conftest.c >&5
configure:4611: $? = 0
configure:4625: result: yes
configure:4629: checking dirent.h presence
configure:4644: gcc -E  conftest.c
configure:4651: $? = 0
configure:4665: result: yes
configure:4693: checking for dirent.h
configure:4702: result: yes
configure:4587: checking windows.h usability
configure:4604: gcc -c -O2  conftest.c >&5
conftest.c:57:21: error: windows.h: No such file or directory
configure:4611: $? = 1
configure: failed program was:
| /* confdefs.h.  */
| #define PACKAGE_NAME "PCRE"
| #define PACKAGE_TARNAME "pcre"
| #define PACKAGE_VERSION "7.6"
| #define PACKAGE_STRING "PCRE 7.6"
| #define PACKAGE_BUGREPORT ""
| #define PACKAGE "pcre"
| #define VERSION "7.6"
| #define STDC_HEADERS 1
| #define HAVE_SYS_TYPES_H 1
| #define HAVE_SYS_STAT_H 1
| #define HAVE_STDLIB_H 1
| #define HAVE_STRING_H 1
| #define HAVE_MEMORY_H 1
| #define HAVE_STRINGS_H 1
| #define HAVE_INTTYPES_H 1
| #define HAVE_STDINT_H 1
| #define HAVE_UNISTD_H 1
| #define HAVE_LIMITS_H 1
| #define HAVE_SYS_TYPES_H 1
| #define HAVE_SYS_STAT_H 1
| #define HAVE_DIRENT_H 1
| /* end confdefs.h.  */
| #include <stdio.h>
| #ifdef HAVE_SYS_TYPES_H
| # include <sys/types.h>
| #endif
| #ifdef HAVE_SYS_STAT_H
| # include <sys/stat.h>
| #endif
| #ifdef STDC_HEADERS
| # include <stdlib.h>
| # include <stddef.h>
| #else
| # ifdef HAVE_STDLIB_H
| #  include <stdlib.h>
| # endif
| #endif
| #ifdef HAVE_STRING_H
| # if !defined STDC_HEADERS && defined HAVE_MEMORY_H
| #  include <memory.h>
| # endif
| # include <string.h>
| #endif
| #ifdef HAVE_STRINGS_H
| # include <strings.h>
| #endif
| #ifdef HAVE_INTTYPES_H
| # include <inttypes.h>
| #endif
| #ifdef HAVE_STDINT_H
| # include <stdint.h>
| #endif
| #ifdef HAVE_UNISTD_H
| # include <unistd.h>
| #endif
| #include <windows.h>
configure:4625: result: no
configure:4629: checking windows.h presence
configure:4644: gcc -E  conftest.c
conftest.c:24:21: error: windows.h: No such file or directory
configure:4651: $? = 1
configure: failed program was:
| /* confdefs.h.  */
| #define PACKAGE_NAME "PCRE"
| #define PACKAGE_TARNAME "pcre"
| #define PACKAGE_VERSION "7.6"
| #define PACKAGE_STRING "PCRE 7.6"
| #define PACKAGE_BUGREPORT ""
| #define PACKAGE "pcre"
| #define VERSION "7.6"
| #define STDC_HEADERS 1
| #define HAVE_SYS_TYPES_H 1
| #define HAVE_SYS_STAT_H 1
| #define HAVE_STDLIB_H 1
| #define HAVE_STRING_H 1
| #define HAVE_MEMORY_H 1
| #define HAVE_STRINGS_H 1
| #define HAVE_INTTYPES_H 1
| #define HAVE_STDINT_H 1
| #define HAVE_UNISTD_H 1
| #define HAVE_LIMITS_H 1
| #define HAVE_SYS_TYPES_H 1
| #define HAVE_SYS_STAT_H 1
| #define HAVE_DIRENT_H 1
| /* end confdefs.h.  */
| #include <windows.h>
configure:4665: result: no
configure:4693: checking for windows.h
configure:4702: result: no
configure:4734: checking for an ANSI C-conforming const
configure:4809: gcc -c -O2  conftest.c >&5
configure:4816: $? = 0
configure:4831: result: yes
configure:4841: checking for size_t
configure:4869: gcc -c -O2  conftest.c >&5
configure:4876: $? = 0
configure:4903: gcc -c -O2  conftest.c >&5
conftest.c: In function 'main':
conftest.c:60: error: expected expression before ')' token
configure:4910: $? = 1
configure: failed program was:
| /* confdefs.h.  */
| #define PACKAGE_NAME "PCRE"
| #define PACKAGE_TARNAME "pcre"
| #define PACKAGE_VERSION "7.6"
| #define PACKAGE_STRING "PCRE 7.6"
| #define PACKAGE_BUGREPORT ""
| #define PACKAGE "pcre"
| #define VERSION "7.6"
| #define STDC_HEADERS 1
| #define HAVE_SYS_TYPES_H 1
| #define HAVE_SYS_STAT_H 1
| #define HAVE_STDLIB_H 1
| #define HAVE_STRING_H 1
| #define HAVE_MEMORY_H 1
| #define HAVE_STRINGS_H 1
| #define HAVE_INTTYPES_H 1
| #define HAVE_STDINT_H 1
| #define HAVE_UNISTD_H 1
| #define HAVE_LIMITS_H 1
| #define HAVE_SYS_TYPES_H 1
| #define HAVE_SYS_STAT_H 1
| #define HAVE_DIRENT_H 1
| /* end confdefs.h.  */
| #include <stdio.h>
| #ifdef HAVE_SYS_TYPES_H
| # include <sys/types.h>
| #endif
| #ifdef HAVE_SYS_STAT_H
| # include <sys/stat.h>
| #endif
| #ifdef STDC_HEADERS
| # include <stdlib.h>
| # include <stddef.h>
| #else
| # ifdef HAVE_STDLIB_H
| #  include <stdlib.h>
| # endif
| #endif
| #ifdef HAVE_STRING_H
| # if !defined STDC_HEADERS && defined HAVE_MEMORY_H
| #  include <memory.h>
| # endif
| # include <string.h>
| #endif
| #ifdef HAVE_STRINGS_H
| # include <strings.h>
| #endif
| #ifdef HAVE_INTTYPES_H
| # include <inttypes.h>
| #endif
| #ifdef HAVE_STDINT_H
| # include <stdint.h>
| #endif
| #ifdef HAVE_UNISTD_H
| # include <unistd.h>
| #endif
| int
| main ()
| {
| if (sizeof ((size_t)))
| 	  return 0;
|   ;
|   return 0;
| }
configure:4933: result: yes
configure:4946: checking for long long
configure:4974: gcc -c -O2  conftest.c >&5
configure:4981: $? = 0
configure:5008: gcc -c -O2  conftest.c >&5
conftest.c: In function 'main':
conftest.c:60: error: expected expression before ')' token
configure:5015: $? = 1
configure: failed program was:
| /* confdefs.h.  */
| #define PACKAGE_NAME "PCRE"
| #define PACKAGE_TARNAME "pcre"
| #define PACKAGE_VERSION "7.6"
| #define PACKAGE_STRING "PCRE 7.6"
| #define PACKAGE_BUGREPORT ""
| #define PACKAGE "pcre"
| #define VERSION "7.6"
| #define STDC_HEADERS 1
| #define HAVE_SYS_TYPES_H 1
| #define HAVE_SYS_STAT_H 1
| #define HAVE_STDLIB_H 1
| #define HAVE_STRING_H 1
| #define HAVE_MEMORY_H 1
| #define HAVE_STRINGS_H 1
| #define HAVE_INTTYPES_H 1
| #define HAVE_STDINT_H 1
| #define HAVE_UNISTD_H 1
| #define HAVE_LIMITS_H 1
| #define HAVE_SYS_TYPES_H 1
| #define HAVE_SYS_STAT_H 1
| #define HAVE_DIRENT_H 1
| /* end confdefs.h.  */
| #include <stdio.h>
| #ifdef HAVE_SYS_TYPES_H
| # include <sys/types.h>
| #endif
| #ifdef HAVE_SYS_STAT_H
| # include <sys/stat.h>
| #endif
| #ifdef STDC_HEADERS
| # include <stdlib.h>
| # include <stddef.h>
| #else
| # ifdef HAVE_STDLIB_H
| #  include <stdlib.h>
| # endif
| #endif
| #ifdef HAVE_STRING_H
| # if !defined STDC_HEADERS && defined HAVE_MEMORY_H
| #  include <memory.h>
| # endif
| # include <string.h>
| #endif
| #ifdef HAVE_STRINGS_H
| # include <strings.h>
| #endif
| #ifdef HAVE_INTTYPES_H
| # include <inttypes.h>
| #endif
| #ifdef HAVE_STDINT_H
| # include <stdint.h>
| #endif
| #ifdef HAVE_UNISTD_H
| # include <unistd.h>
| #endif
| int
| main ()
| {
| if (sizeof ((long long)))
| 	  return 0;
|   ;
|   return 0;
| }
configure:5038: result: yes
configure:5051: checking for unsigned long long
configure:5079: gcc -c -O2  conftest.c >&5
configure:5086: $? = 0
configure:5113: gcc -c -O2  conftest.c >&5
conftest.c: In function 'main':
conftest.c:61: error: expected expression before ')' token
configure:5120: $? = 1
configure: failed program was:
| /* confdefs.h.  */
| #define PACKAGE_NAME "PCRE"
| #define PACKAGE_TARNAME "pcre"
| #define PACKAGE_VERSION "7.6"
| #define PACKAGE_STRING "PCRE 7.6"
| #define PACKAGE_BUGREPORT ""
| #define PACKAGE "pcre"
| #define VERSION "7.6"
| #define STDC_HEADERS 1
| #define HAVE_SYS_TYPES_H 1
| #define HAVE_SYS_STAT_H 1
| #define HAVE_STDLIB_H 1
| #define HAVE_STRING_H 1
| #define HAVE_MEMORY_H 1
| #define HAVE_STRINGS_H 1
| #define HAVE_INTTYPES_H 1
| #define HAVE_STDINT_H 1
| #define HAVE_UNISTD_H 1
| #define HAVE_LIMITS_H 1
| #define HAVE_SYS_TYPES_H 1
| #define HAVE_SYS_STAT_H 1
| #define HAVE_DIRENT_H 1
| #define HAVE_LONG_LONG 1
| /* end confdefs.h.  */
| #include <stdio.h>
| #ifdef HAVE_SYS_TYPES_H
| # include <sys/types.h>
| #endif
| #ifdef HAVE_SYS_STAT_H
| # include <sys/stat.h>
| #endif
| #ifdef STDC_HEADERS
| # include <stdlib.h>
| # include <stddef.h>
| #else
| # ifdef HAVE_STDLIB_H
| #  include <stdlib.h>
| # endif
| #endif
| #ifdef HAVE_STRING_H
| # if !defined STDC_HEADERS && defined HAVE_MEMORY_H
| #  include <memory.h>
| # endif
| # include <string.h>
| #endif
| #ifdef HAVE_STRINGS_H
| # include <strings.h>
| #endif
| #ifdef HAVE_INTTYPES_H
| # include <inttypes.h>
| #endif
| #ifdef HAVE_STDINT_H
| # include <stdint.h>
| #endif
| #ifdef HAVE_UNISTD_H
| # include <unistd.h>
| #endif
| int
| main ()
| {
| if (sizeof ((unsigned long long)))
| 	  return 0;
|   ;
|   return 0;
| }
configure:5143: result: yes
configure:5170: checking for bcopy
configure:5226: gcc -o conftest -O2   conftest.c  >&5
conftest.c:49: warning: conflicting types for built-in function 'bcopy'
configure:5233: $? = 0
configure:5255: result: yes
configure:5170: checking for memmove
configure:5226: gcc -o conftest -O2   conftest.c  >&5
conftest.c:50: warning: conflicting types for built-in function 'memmove'
configure:5233: $? = 0
configure:5255: result: yes
configure:5170: checking for strerror
configure:5226: gcc -o conftest -O2   conftest.c  >&5
configure:5233: $? = 0
configure:5255: result: yes
configure:5170: checking for strtoq
configure:5226: gcc -o conftest -O2   conftest.c  >&5
configure:5233: $? = 0
configure:5255: result: yes
configure:5170: checking for strtoll
configure:5226: gcc -o conftest -O2   conftest.c  >&5
configure:5233: $? = 0
configure:5255: result: yes
configure:5170: checking for _strtoi64
configure:5226: gcc -o conftest -O2   conftest.c  >&5
Undefined symbols for architecture x86_64:
  "__strtoi64", referenced from:
      _main in ccAqGvqL.o
ld: symbol(s) not found for architecture x86_64
collect2: ld returned 1 exit status
configure:5233: $? = 1
configure: failed program was:
| /* confdefs.h.  */
| #define PACKAGE_NAME "PCRE"
| #define PACKAGE_TARNAME "pcre"
| #define PACKAGE_VERSION "7.6"
| #define PACKAGE_STRING "PCRE 7.6"
| #define PACKAGE_BUGREPORT ""
| #define PACKAGE "pcre"
| #define VERSION "7.6"
| #define STDC_HEADERS 1
| #define HAVE_SYS_TYPES_H 1
| #define HAVE_SYS_STAT_H 1
| #define HAVE_STDLIB_H 1
| #define HAVE_STRING_H 1
| #define HAVE_MEMORY_H 1
| #define HAVE_STRINGS_H 1
| #define HAVE_INTTYPES_H 1
| #define HAVE_STDINT_H 1
| #define HAVE_UNISTD_H 1
| #define HAVE_LIMITS_H 1
| #define HAVE_SYS_TYPES_H 1
| #define HAVE_SYS_STAT_H 1
| #define HAVE_DIRENT_H 1
| #define HAVE_LONG_LONG 1
| #define HAVE_UNSIGNED_LONG_LONG 1
| #define HAVE_BCOPY 1
| #define HAVE_MEMMOVE 1
| #define HAVE_STRERROR 1
| #define HAVE_STRTOQ 1
| #define HAVE_STRTOLL 1
| /* end confdefs.h.  */
| /* Define _strtoi64 to an innocuous variant, in case <limits.h> declares _strtoi64.
|    For example, HP-UX 11i <limits.h> declares gettimeofday.  */
| #define _strtoi64 innocuous__strtoi64
| 
| /* System header to define __stub macros and hopefully few prototypes,
|     which can conflict with char _strtoi64 (); below.
|     Prefer <limits.h> to <assert.h> if __STDC__ is defined, since
|     <limits.h> exists even on freestanding compilers.  */
| 
| #ifdef __STDC__
| # include <limits.h>
| #else
| # include <assert.h>
| #endif
| 
| #undef _strtoi64
| 
| /* Override any GCC internal prototype to avoid an error.
|    Use char because int might match the return type of a GCC
|    builtin and then its argument prototype would still apply.  */
| #ifdef __cplusplus
| extern "C"
| #endif
| char _strtoi64 ();
| /* The GNU C library defines this for functions which it implements
|     to always fail with ENOSYS.  Some functions are actually named
|     something starting with __ and the normal name is an alias.  */
| #if defined __stub__strtoi64 || defined __stub____strtoi64
| choke me
| #endif
| 
| int
| main ()
| {
| return _strtoi64 ();
|   ;
|   return 0;
| }
configure:5255: result: no
configure:5286: checking zlib.h usability
configure:5303: gcc -c -O2  conftest.c >&5
configure:5310: $? = 0
configure:5324: result: yes
configure:5328: checking zlib.h presence
configure:5343: gcc -E  conftest.c
configure:5350: $? = 0
configure:5364: result: yes
configure:5392: checking for zlib.h
configure:5401: result: yes
configure:5416: checking for gzopen in -lz
configure:5451: gcc -o conftest -O2   conftest.c -lz   >&5
configure:5458: $? = 0
configure:5479: result: yes
configure:5504: checking bzlib.h usability
configure:5521: gcc -c -O2  conftest.c >&5
configure:5528: $? = 0
configure:5542: result: yes
configure:5546: checking bzlib.h presence
configure:5561: gcc -E  conftest.c
configure:5568: $? = 0
configure:5582: result: yes
configure:5610: checking for bzlib.h
configure:5619: result: yes
configure:5634: checking for BZ2_bzopen in -lbz2
configure:5669: gcc -o conftest -O2   conftest.c -lbz2   >&5
configure:5676: $? = 0
configure:5697: result: yes
configure:5722: checking readline/readline.h usability
configure:5739: gcc -c -O2  conftest.c >&5
configure:5746: $? = 0
configure:5760: result: yes
configure:5764: checking readline/readline.h presence
configure:5779: gcc -E  conftest.c
configure:5786: $? = 0
configure:5800: result: yes
configure:5828: checking for readline/readline.h
configure:5837: result: yes
configure:5868: checking readline/history.h usability
configure:5885: gcc -c -O2  conftest.c >&5
configure:5892: $? = 0
configure:5906: result: yes
configure:5910: checking readline/history.h presence
configure:5925: gcc -E  conftest.c
configure:5932: $? = 0
configure:5946: result: yes
configure:5974: checking for readline/history.h
configure:5983: result: yes
configure:5998: checking for readline in -lreadline
configure:6033: gcc -o conftest -O2   conftest.c -lreadline   >&5
configure:6040: $? = 0
configure:6061: result: yes
configure:6194: checking build system type
configure:6212: result: x86_64-apple-darwin12.5.0
configure:6234: checking host system type
configure:6249: result: x86_64-apple-darwin12.5.0
configure:6465: creating ./config.status

## ---------------------- ##
## Running config.status. ##
## ---------------------- ##

This file was extended by PCRE config.status 7.6, which was
generated by GNU Autoconf 2.63.  Invocation command line was

  CONFIG_FILES    = 
  CONFIG_HEADERS  = 
  CONFIG_LINKS    = 
  CONFIG_COMMANDS = 
  $ ./config.status 

on mhillick-rdub.local

config.status:815: creating Makefile
config.status:815: creating pcre-config
config.status:815: creating config.h
config.status:1089: executing depfiles commands
config.status:1089: executing script-chmod commands

## ---------------- ##
## Cache variables. ##
## ---------------- ##

ac_cv_build=x86_64-apple-darwin12.5.0
ac_cv_c_compiler_gnu=yes
ac_cv_c_const=yes
ac_cv_env_CC_set=
ac_cv_env_CC_value=
ac_cv_env_CFLAGS_set=
ac_cv_env_CFLAGS_value=
ac_cv_env_CPPFLAGS_set=
ac_cv_env_CPPFLAGS_value=
ac_cv_env_CPP_set=
ac_cv_env_CPP_value=
ac_cv_env_LDFLAGS_set=
ac_cv_env_LDFLAGS_value=
ac_cv_env_LIBS_set=
ac_cv_env_LIBS_value=
ac_cv_env_build_alias_set=
ac_cv_env_build_alias_value=
ac_cv_env_host_alias_set=
ac_cv_env_host_alias_value=
ac_cv_env_target_alias_set=
ac_cv_env_target_alias_value=
ac_cv_func__strtoi64=no
ac_cv_func_bcopy=yes
ac_cv_func_memmove=yes
ac_cv_func_strerror=yes
ac_cv_func_strtoll=yes
ac_cv_func_strtoq=yes
ac_cv_header_bzlib_h=yes
ac_cv_header_dirent_h=yes
ac_cv_header_inttypes_h=yes
ac_cv_header_limits_h=yes
ac_cv_header_memory_h=yes
ac_cv_header_readline_history_h=yes
ac_cv_header_readline_readline_h=yes
ac_cv_header_stdc=yes
ac_cv_header_stdint_h=yes
ac_cv_header_stdlib_h=yes
ac_cv_header_string_h=yes
ac_cv_header_strings_h=yes
ac_cv_header_sys_stat_h=yes
ac_cv_header_sys_types_h=yes
ac_cv_header_unistd_h=yes
ac_cv_header_windows_h=no
ac_cv_header_zlib_h=yes
ac_cv_host=x86_64-apple-darwin12.5.0
ac_cv_lib_bz2_BZ2_bzopen=yes
ac_cv_lib_readline_readline=yes
ac_cv_lib_z_gzopen=yes
ac_cv_objext=o
ac_cv_path_EGREP='/usr/bin/grep -E'
ac_cv_path_GREP=/usr/bin/grep
ac_cv_path_install='/usr/bin/install -c'
ac_cv_prog_AWK=awk
ac_cv_prog_CPP='gcc -E'
ac_cv_prog_ac_ct_CC=gcc
ac_cv_prog_ac_ct_RANLIB=ranlib
ac_cv_prog_cc_c89=
ac_cv_prog_cc_g=yes
ac_cv_prog_make_make_set=yes
ac_cv_type_long_long=yes
ac_cv_type_size_t=yes
ac_cv_type_unsigned_long_long=yes
am_cv_CC_dependencies_compiler_type=gcc3

## ----------------- ##
## Output variables. ##
## ----------------- ##

ACLOCAL='${SHELL} /Users/mhillick/git/scripts/nmap/nmap/missing --run aclocal-1.10'
AMDEPBACKSLASH='\'
AMDEP_FALSE='#'
AMDEP_TRUE=''
AMTAR='${SHELL} /Users/mhillick/git/scripts/nmap/nmap/missing --run tar'
AUTOCONF='${SHELL} /Users/mhillick/git/scripts/nmap/nmap/missing --run autoconf'
AUTOHEADER='${SHELL} /Users/mhillick/git/scripts/nmap/nmap/missing --run autoheader'
AUTOMAKE='${SHELL} /Users/mhillick/git/scripts/nmap/nmap/missing --run automake-1.10'
AWK='awk'
CC='gcc'
CCDEPMODE='depmode=gcc3'
CFLAGS='-O2'
CPP='gcc -E'
CPPFLAGS=''
CYGPATH_W='echo'
DEFS='-DHAVE_CONFIG_H'
DEPDIR='.deps'
ECHO_C='\c'
ECHO_N=''
ECHO_T=''
EGREP='/usr/bin/grep -E'
EXEEXT=''
EXTRA_LIBPCRE_LDFLAGS=' -version-info libpcre_version'
GREP='/usr/bin/grep'
INSTALL_DATA='${INSTALL} -m 644'
INSTALL_PROGRAM='${INSTALL}'
INSTALL_SCRIPT='${INSTALL}'
INSTALL_STRIP_PROGRAM='$(install_sh) -c -s'
LDFLAGS=''
LIBOBJS=''
LIBS=''
LN_S='ln -s'
LTLIBOBJS=''
MAKEINFO='${SHELL} /Users/mhillick/git/scripts/nmap/nmap/missing --run makeinfo'
MKDIR_P='./../shtool install -c -d'
OBJEXT='o'
PACKAGE='pcre'
PACKAGE_BUGREPORT=''
PACKAGE_NAME='PCRE'
PACKAGE_STRING='PCRE 7.6'
PACKAGE_TARNAME='pcre'
PACKAGE_VERSION='7.6'
PATH_SEPARATOR=':'
PCRE_DATE='2008-01-28'
PCRE_MAJOR='7'
PCRE_MINOR='6'
PCRE_PRERELEASE=''
RANLIB='ranlib'
SET_MAKE=''
SHELL='/bin/sh'
STRIP=''
VERSION='7.6'
WITH_REBUILD_CHARTABLES_FALSE=''
WITH_REBUILD_CHARTABLES_TRUE='#'
ac_ct_CC='gcc'
am__fastdepCC_FALSE='#'
am__fastdepCC_TRUE=''
am__include='include'
am__isrc=''
am__leading_dot='.'
am__quote=''
am__tar='${AMTAR} chof - "$$tardir"'
am__untar='${AMTAR} xf -'
bindir='${exec_prefix}/bin'
build='x86_64-apple-darwin12.5.0'
build_alias=''
build_cpu='x86_64'
build_os='darwin12.5.0'
build_vendor='apple'
datadir='${datarootdir}'
datarootdir='${prefix}/share'
docdir='${datarootdir}/doc/${PACKAGE_TARNAME}'
dvidir='${docdir}'
exec_prefix='${prefix}'
host='x86_64-apple-darwin12.5.0'
host_alias=''
host_cpu='x86_64'
host_os='darwin12.5.0'
host_vendor='apple'
htmldir='${docdir}/html'
includedir='${prefix}/include'
infodir='${datarootdir}/info'
install_sh='$(SHELL) /Users/mhillick/git/scripts/nmap/nmap/install-sh'
libdir='${exec_prefix}/lib'
libexecdir='${exec_prefix}/libexec'
localedir='${datarootdir}/locale'
localstatedir='${prefix}/var'
mandir='${datarootdir}/man'
mkdir_p='$(top_builddir)/./../shtool install -c -d'
oldincludedir='/usr/include'
pcre_have_bits_type_traits=''
pcre_have_long_long='1'
pcre_have_type_traits=''
pcre_have_ulong_long='1'
pdfdir='${docdir}'
prefix='/usr/local'
program_transform_name='s,x,x,'
psdir='${docdir}'
sbindir='${exec_prefix}/sbin'
sharedstatedir='${prefix}/com'
sysconfdir='${prefix}/etc'
target_alias=''

## ----------- ##
## confdefs.h. ##
## ----------- ##

#define PACKAGE_NAME "PCRE"
#define PACKAGE_TARNAME "pcre"
#define PACKAGE_VERSION "7.6"
#define PACKAGE_STRING "PCRE 7.6"
#define PACKAGE_BUGREPORT ""
#define PACKAGE "pcre"
#define VERSION "7.6"
#define STDC_HEADERS 1
#define HAVE_SYS_TYPES_H 1
#define HAVE_SYS_STAT_H 1
#define HAVE_STDLIB_H 1
#define HAVE_STRING_H 1
#define HAVE_MEMORY_H 1
#define HAVE_STRINGS_H 1
#define HAVE_INTTYPES_H 1
#define HAVE_STDINT_H 1
#define HAVE_UNISTD_H 1
#define HAVE_LIMITS_H 1
#define HAVE_SYS_TYPES_H 1
#define HAVE_SYS_STAT_H 1
#define HAVE_DIRENT_H 1
#define HAVE_LONG_LONG 1
#define HAVE_UNSIGNED_LONG_LONG 1
#define HAVE_BCOPY 1
#define HAVE_MEMMOVE 1
#define HAVE_STRERROR 1
#define HAVE_STRTOQ 1
#define HAVE_STRTOLL 1
#define HAVE_ZLIB_H 1
#define HAVE_BZLIB_H 1
#define HAVE_READLINE_READLINE_H 1
#define HAVE_READLINE_HISTORY_H 1
#define PCRE_STATIC 1
#define NEWLINE 10
#define LINK_SIZE 2
#define POSIX_MALLOC_THRESHOLD 10
#define MATCH_LIMIT 10000000
#define MATCH_LIMIT_RECURSION MATCH_LIMIT
#define MAX_NAME_SIZE 32
#define MAX_NAME_COUNT 10000

configure: exit 0
